Using /Users/gentoonofb/PycharmProjects/salt-formula/juggler/checks_config/ansible.cfg as config file
 [WARNING]: provided hosts list is empty, only localhost is available
statically included: /Users/gentoonofb/PycharmProjects/salt-formula/juggler/checks_config/tasks/common.yml
statically included: /Users/gentoonofb/PycharmProjects/salt-formula/juggler/checks_config/roles/head/tasks/push-client.yml
statically included: /Users/gentoonofb/PycharmProjects/salt-formula/juggler/checks_config/roles/head/tasks/compute.yml
statically included: /Users/gentoonofb/PycharmProjects/salt-formula/juggler/checks_config/roles/snapshot/tasks/snapshot.yml
statically included: /Users/gentoonofb/PycharmProjects/salt-formula/juggler/checks_config/tasks/common.yml
[DEPRECATION WARNING]: Specifying include variables at the top-level of the task is deprecated. Please see:
http://docs.ansible.com/ansible/playbooks_roles.html#task-include-files-and-encouraging-reuse

 for currently supported syntax regarding included files and variables.
This feature will be removed in a 
future release. Deprecation warnings can be disabled by setting deprecation_warnings=False in ansible.cfg.
statically included: /Users/gentoonofb/PycharmProjects/salt-formula/juggler/checks_config/tasks/common.yml
statically included: /Users/gentoonofb/PycharmProjects/salt-formula/juggler/checks_config/tasks/common_hardware.yml
statically included: /Users/gentoonofb/PycharmProjects/salt-formula/juggler/checks_config/tasks/common.yml
statically included: /Users/gentoonofb/PycharmProjects/salt-formula/juggler/checks_config/tasks/nbs.yml
statically included: /Users/gentoonofb/PycharmProjects/salt-formula/juggler/checks_config/tasks/common_hardware.yml
statically included: /Users/gentoonofb/PycharmProjects/salt-formula/juggler/checks_config/roles/compute/tasks/kikimr.yml
statically included: /Users/gentoonofb/PycharmProjects/salt-formula/juggler/checks_config/roles/compute/tasks/kikimr_storage.yml
statically included: /Users/gentoonofb/PycharmProjects/salt-formula/juggler/checks_config/roles/compute/tasks/push-client.yml
statically included: /Users/gentoonofb/PycharmProjects/salt-formula/juggler/checks_config/roles/compute/tasks/compute-node.yml
statically included: /Users/gentoonofb/PycharmProjects/salt-formula/juggler/checks_config/roles/compute/tasks/serialproxy.yml
statically included: /Users/gentoonofb/PycharmProjects/salt-formula/juggler/checks_config/roles/compute/tasks/network.yml
statically included: /Users/gentoonofb/PycharmProjects/salt-formula/juggler/checks_config/roles/compute/tasks/staging-network.yml
statically included: /Users/gentoonofb/PycharmProjects/salt-formula/juggler/checks_config/tasks/common.yml
statically included: /Users/gentoonofb/PycharmProjects/salt-formula/juggler/checks_config/roles/serialssh/tasks/serialssh.yml
statically included: /Users/gentoonofb/PycharmProjects/salt-formula/juggler/checks_config/roles/oct_head/tasks/network.yml
statically included: /Users/gentoonofb/PycharmProjects/salt-formula/juggler/checks_config/tasks/common.yml
statically included: /Users/gentoonofb/PycharmProjects/salt-formula/juggler/checks_config/roles/oct_head/tasks/staging.yml
statically included: /Users/gentoonofb/PycharmProjects/salt-formula/juggler/checks_config/tasks/common.yml
statically included: /Users/gentoonofb/PycharmProjects/salt-formula/juggler/checks_config/roles/cloudgate/tasks/cloudgate.yml
statically included: /Users/gentoonofb/PycharmProjects/salt-formula/juggler/checks_config/roles/cloudgate/tasks/staging.yml
statically included: /Users/gentoonofb/PycharmProjects/salt-formula/juggler/checks_config/roles/billing/tasks/billing.yml
statically included: /Users/gentoonofb/PycharmProjects/salt-formula/juggler/checks_config/tasks/common.yml
statically included: /Users/gentoonofb/PycharmProjects/salt-formula/juggler/checks_config/roles/lb_slb-adapter/tasks/adapter.yml
statically included: /Users/gentoonofb/PycharmProjects/salt-formula/juggler/checks_config/roles/iam/tasks/iam.yml
statically included: /Users/gentoonofb/PycharmProjects/salt-formula/juggler/checks_config/tasks/common.yml
statically included: /Users/gentoonofb/PycharmProjects/salt-formula/juggler/checks_config/tasks/api_push_client.yml
statically included: /Users/gentoonofb/PycharmProjects/salt-formula/juggler/checks_config/roles/api-adapter/tasks/api-adapter.yml
statically included: /Users/gentoonofb/PycharmProjects/salt-formula/juggler/checks_config/roles/bootstrap/tasks/bootstrap.yml
statically included: /Users/gentoonofb/PycharmProjects/salt-formula/juggler/checks_config/tasks/common.yml
statically included: /Users/gentoonofb/PycharmProjects/salt-formula/juggler/checks_config/roles/cores/tasks/cores.yml
Loading callback plugin default of type stdout, v2.0 from /Users/gentoonofb/.local/share/virtualenvs/ansible-juggler/lib/python2.7/site-packages/ansible/plugins/callback/__init__.pyc

PLAYBOOK: yc_checks_config_preprod.yml *****************************************
1 plays in yc_checks_config_preprod.yml

PLAY [localhost] ***************************************************************

TASK [juggler_facts] ***********************************************************
task path: /Users/gentoonofb/PycharmProjects/salt-formula/juggler/checks_config/yc_checks_config_preprod.yml:5
WARNING:root:Specifying path in api_url is deprecated
ok: [localhost] => {
    "ansible_facts": {}, 
    "changed": false, 
    "invocation": {
        "module_args": {
            "jserver_api": "http://juggler-api.search.yandex.net/api"
        }, 
        "module_name": "juggler_facts"
    }
}

TASK [billing : juggler_check: billing] ****************************************
task path: /Users/gentoonofb/PycharmProjects/salt-formula/juggler/checks_config/roles/billing/tasks/billing.yml:2
[DEPRECATION WARNING]: Using variables for task params is unsafe, especially if the variables come from an external source like facts.
This feature will be removed in a future release. Deprecation warnings can be disabled by setting deprecation_warnings=False in ansible.cfg.
changed: [localhost] => (item={u'service': u'billing'}) => {
    "ansible_facts": {
        "diff": {
            "changes": {
                "flaps_config": {
                    "current": null, 
                    "desired": {
                        "boost": 0, 
                        "critical": 0, 
                        "stable": 0
                    }
                }, 
                "notifications": {
                    "current": [
                        {
                            "description": null, 
                            "template_kwargs": {}, 
                            "template_name": "golem"
                        }, 
                        {
                            "description": null, 
                            "template_kwargs": {
                                "delay": 60, 
                                "login": [
                                    "YcBillingDutyPreprod"
                                ], 
                                "method": [
                                    "telegram"
                                ], 
                                "status": [
                                    "OK", 
                                    "WARN", 
                                    "CRIT"
                                ]
                            }, 
                            "template_name": "on_status_change"
                        }
                    ], 
                    "desired": [
                        {
                            "description": null, 
                            "template_kwargs": {
                                "logins": [
                                    "robot-zoidberg"
                                ]
                            }, 
                            "template_name": "phone_escalation"
                        }, 
                        {
                            "description": null, 
                            "template_kwargs": {
                                "delay": "60", 
                                "login": [
                                    "YcBillingDutyPreprod"
                                ], 
                                "method": [
                                    "telegram"
                                ], 
                                "status": [
                                    "OK", 
                                    "WARN", 
                                    "CRIT"
                                ]
                            }, 
                            "template_name": "on_status_change"
                        }
                    ]
                }, 
                "tags": {
                    "current": [
                        "yc", 
                        "yc-preprod", 
                        "yc-billing", 
                        "a_mark_yc_billing_preprod"
                    ], 
                    "desired": [
                        "yc-billing", 
                        "yc", 
                        "yc-preprod", 
                        "yc-notify", 
                        "a_mark_yc_billing_preprod"
                    ]
                }
            }
        }
    }, 
    "changed": true, 
    "invocation": {
        "module_args": {
            "children": [
                "CGROUP%cloud_preprod_billing"
            ], 
            "flap": {
                "critical": 0, 
                "stable": 0
            }, 
            "host": "yc_billing_preprod", 
            "meta": {}, 
            "namespace": "ycloud", 
            "notifications": [
                {
                    "logins": [
                        "robot-zoidberg"
                    ]
                }, 
                {
                    "delay": "60", 
                    "login": [
                        "YcBillingDutyPreprod"
                    ], 
                    "method": [
                        "telegram"
                    ], 
                    "status": [
                        "OK", 
                        "WARN", 
                        "CRIT"
                    ]
                }
            ], 
            "refresh_time": "120", 
            "service": "billing", 
            "tags": [
                "yc-billing", 
                "yc", 
                "yc-preprod", 
                "yc-notify"
            ], 
            "timed_more_than_limit_is_problem": {
                "limits": [
                    {
                        "crit": "0", 
                        "day_end": 7, 
                        "day_start": 1, 
                        "time_end": 23, 
                        "time_start": 0, 
                        "warn": "0"
                    }
                ]
            }, 
            "ttl": "600"
        }, 
        "module_name": "juggler_check"
    }, 
    "item": {
        "service": "billing"
    }
}

TASK [billing : juggler_check: billing-private] ********************************
task path: /Users/gentoonofb/PycharmProjects/salt-formula/juggler/checks_config/roles/billing/tasks/billing.yml:10
[DEPRECATION WARNING]: Using variables for task params is unsafe, especially if the variables come from an external source like facts.
This feature will be removed in a future release. Deprecation warnings can be disabled by setting deprecation_warnings=False in ansible.cfg.
changed: [localhost] => (item={u'service': u'billing-private'}) => {
    "ansible_facts": {
        "diff": {
            "changes": {
                "flaps_config": {
                    "current": null, 
                    "desired": {
                        "boost": 0, 
                        "critical": 0, 
                        "stable": 0
                    }
                }, 
                "notifications": {
                    "current": [
                        {
                            "description": null, 
                            "template_kwargs": {}, 
                            "template_name": "golem"
                        }, 
                        {
                            "description": null, 
                            "template_kwargs": {
                                "delay": 60, 
                                "login": [
                                    "YcBillingDutyPreprod"
                                ], 
                                "method": [
                                    "telegram"
                                ], 
                                "status": [
                                    "OK", 
                                    "WARN", 
                                    "CRIT"
                                ]
                            }, 
                            "template_name": "on_status_change"
                        }
                    ], 
                    "desired": [
                        {
                            "description": null, 
                            "template_kwargs": {
                                "logins": [
                                    "robot-zoidberg"
                                ]
                            }, 
                            "template_name": "phone_escalation"
                        }, 
                        {
                            "description": null, 
                            "template_kwargs": {
                                "delay": "60", 
                                "login": [
                                    "YcBillingDutyPreprod"
                                ], 
                                "method": [
                                    "telegram"
                                ], 
                                "status": [
                                    "OK", 
                                    "WARN", 
                                    "CRIT"
                                ]
                            }, 
                            "template_name": "on_status_change"
                        }
                    ]
                }, 
                "tags": {
                    "current": [
                        "yc", 
                        "yc-preprod", 
                        "yc-billing", 
                        "a_mark_yc_billing_preprod"
                    ], 
                    "desired": [
                        "yc-billing", 
                        "yc", 
                        "yc-preprod", 
                        "yc-notify", 
                        "a_mark_yc_billing_preprod"
                    ]
                }
            }
        }
    }, 
    "changed": true, 
    "invocation": {
        "module_args": {
            "children": [
                "CGROUP%cloud_preprod_billing"
            ], 
            "flap": {
                "critical": 0, 
                "stable": 0
            }, 
            "host": "yc_billing_preprod", 
            "meta": {}, 
            "namespace": "ycloud", 
            "notifications": [
                {
                    "logins": [
                        "robot-zoidberg"
                    ]
                }, 
                {
                    "delay": "60", 
                    "login": [
                        "YcBillingDutyPreprod"
                    ], 
                    "method": [
                        "telegram"
                    ], 
                    "status": [
                        "OK", 
                        "WARN", 
                        "CRIT"
                    ]
                }
            ], 
            "refresh_time": "120", 
            "service": "billing-private", 
            "tags": [
                "yc-billing", 
                "yc", 
                "yc-preprod", 
                "yc-notify"
            ], 
            "timed_more_than_limit_is_problem": {
                "limits": [
                    {
                        "crit": "0", 
                        "day_end": 7, 
                        "day_start": 1, 
                        "time_end": 23, 
                        "time_start": 0, 
                        "warn": "0"
                    }
                ]
            }, 
            "ttl": "600"
        }, 
        "module_name": "juggler_check"
    }, 
    "item": {
        "service": "billing-private"
    }
}

TASK [billing : juggler_check: billing-worker] *********************************
task path: /Users/gentoonofb/PycharmProjects/salt-formula/juggler/checks_config/roles/billing/tasks/billing.yml:18
[DEPRECATION WARNING]: Using variables for task params is unsafe, especially if the variables come from an external source like facts.
This feature will be removed in a future release. Deprecation warnings can be disabled by setting deprecation_warnings=False in ansible.cfg.
changed: [localhost] => (item={u'service': u'billing-worker'}) => {
    "ansible_facts": {
        "diff": {
            "changes": {
                "flaps_config": {
                    "current": null, 
                    "desired": {
                        "boost": 0, 
                        "critical": 0, 
                        "stable": 0
                    }
                }, 
                "notifications": {
                    "current": [
                        {
                            "description": null, 
                            "template_kwargs": {}, 
                            "template_name": "golem"
                        }, 
                        {
                            "description": null, 
                            "template_kwargs": {
                                "delay": 60, 
                                "login": [
                                    "YcBillingDutyPreprod"
                                ], 
                                "method": [
                                    "telegram"
                                ], 
                                "status": [
                                    "OK", 
                                    "WARN", 
                                    "CRIT"
                                ]
                            }, 
                            "template_name": "on_status_change"
                        }
                    ], 
                    "desired": [
                        {
                            "description": null, 
                            "template_kwargs": {
                                "logins": [
                                    "robot-zoidberg"
                                ]
                            }, 
                            "template_name": "phone_escalation"
                        }, 
                        {
                            "description": null, 
                            "template_kwargs": {
                                "delay": "60", 
                                "login": [
                                    "YcBillingDutyPreprod"
                                ], 
                                "method": [
                                    "telegram"
                                ], 
                                "status": [
                                    "OK", 
                                    "WARN", 
                                    "CRIT"
                                ]
                            }, 
                            "template_name": "on_status_change"
                        }
                    ]
                }, 
                "tags": {
                    "current": [
                        "yc", 
                        "yc-preprod", 
                        "yc-billing", 
                        "a_mark_yc_billing_preprod"
                    ], 
                    "desired": [
                        "yc-billing", 
                        "yc", 
                        "yc-preprod", 
                        "yc-notify", 
                        "a_mark_yc_billing_preprod"
                    ]
                }
            }
        }
    }, 
    "changed": true, 
    "invocation": {
        "module_args": {
            "children": [
                "CGROUP%cloud_preprod_billing"
            ], 
            "flap": {
                "critical": 0, 
                "stable": 0
            }, 
            "host": "yc_billing_preprod", 
            "meta": {}, 
            "namespace": "ycloud", 
            "notifications": [
                {
                    "logins": [
                        "robot-zoidberg"
                    ]
                }, 
                {
                    "delay": "60", 
                    "login": [
                        "YcBillingDutyPreprod"
                    ], 
                    "method": [
                        "telegram"
                    ], 
                    "status": [
                        "OK", 
                        "WARN", 
                        "CRIT"
                    ]
                }
            ], 
            "refresh_time": "120", 
            "service": "billing-worker", 
            "tags": [
                "yc-billing", 
                "yc", 
                "yc-preprod", 
                "yc-notify"
            ], 
            "timed_more_than_limit_is_problem": {
                "limits": [
                    {
                        "crit": "0", 
                        "day_end": 7, 
                        "day_start": 1, 
                        "time_end": 23, 
                        "time_start": 0, 
                        "warn": "0"
                    }
                ]
            }, 
            "ttl": "600"
        }, 
        "module_name": "juggler_check"
    }, 
    "item": {
        "service": "billing-worker"
    }
}

TASK [billing : juggler_check: billing-lb-unknown] *****************************
task path: /Users/gentoonofb/PycharmProjects/salt-formula/juggler/checks_config/roles/billing/tasks/billing.yml:26
[DEPRECATION WARNING]: Using variables for task params is unsafe, especially if the variables come from an external source like facts.
This feature will be removed in a future release. Deprecation warnings can be disabled by setting deprecation_warnings=False in ansible.cfg.
changed: [localhost] => (item={u'service': u'billing-lb-unknown'}) => {
    "ansible_facts": {
        "diff": {
            "changes": {
                "flaps_config": {
                    "current": null, 
                    "desired": {
                        "boost": 0, 
                        "critical": 0, 
                        "stable": 0
                    }
                }, 
                "notifications": {
                    "current": [
                        {
                            "description": null, 
                            "template_kwargs": {}, 
                            "template_name": "golem"
                        }, 
                        {
                            "description": null, 
                            "template_kwargs": {
                                "delay": 60, 
                                "login": [
                                    "YcBillingDutyPreprod"
                                ], 
                                "method": [
                                    "telegram"
                                ], 
                                "status": [
                                    "OK", 
                                    "WARN", 
                                    "CRIT"
                                ]
                            }, 
                            "template_name": "on_status_change"
                        }
                    ], 
                    "desired": [
                        {
                            "description": null, 
                            "template_kwargs": {
                                "logins": [
                                    "robot-zoidberg"
                                ]
                            }, 
                            "template_name": "phone_escalation"
                        }, 
                        {
                            "description": null, 
                            "template_kwargs": {
                                "delay": "60", 
                                "login": [
                                    "YcBillingDutyPreprod"
                                ], 
                                "method": [
                                    "telegram"
                                ], 
                                "status": [
                                    "OK", 
                                    "WARN", 
                                    "CRIT"
                                ]
                            }, 
                            "template_name": "on_status_change"
                        }
                    ]
                }, 
                "tags": {
                    "current": [
                        "yc", 
                        "yc-preprod", 
                        "yc-billing", 
                        "a_mark_yc_billing_preprod"
                    ], 
                    "desired": [
                        "yc-billing", 
                        "yc", 
                        "yc-preprod", 
                        "yc-notify", 
                        "a_mark_yc_billing_preprod"
                    ]
                }
            }
        }
    }, 
    "changed": true, 
    "invocation": {
        "module_args": {
            "children": [
                "CGROUP%cloud_preprod_billing"
            ], 
            "flap": {
                "critical": 0, 
                "stable": 0
            }, 
            "host": "yc_billing_preprod", 
            "meta": {}, 
            "namespace": "ycloud", 
            "notifications": [
                {
                    "logins": [
                        "robot-zoidberg"
                    ]
                }, 
                {
                    "delay": "60", 
                    "login": [
                        "YcBillingDutyPreprod"
                    ], 
                    "method": [
                        "telegram"
                    ], 
                    "status": [
                        "OK", 
                        "WARN", 
                        "CRIT"
                    ]
                }
            ], 
            "refresh_time": "120", 
            "service": "billing-lb-unknown", 
            "tags": [
                "yc-billing", 
                "yc", 
                "yc-preprod", 
                "yc-notify"
            ], 
            "timed": {
                "times": [
                    {
                        "aggregator": "logic_and", 
                        "day_end": 7, 
                        "day_start": 1, 
                        "time_end": 23, 
                        "time_start": 0
                    }
                ]
            }, 
            "ttl": "600"
        }, 
        "module_name": "juggler_check"
    }, 
    "item": {
        "service": "billing-lb-unknown"
    }
}

TASK [billing : juggler_check: billing-lb-lag] *********************************
task path: /Users/gentoonofb/PycharmProjects/salt-formula/juggler/checks_config/roles/billing/tasks/billing.yml:34
[DEPRECATION WARNING]: Using variables for task params is unsafe, especially if the variables come from an external source like facts.
This feature will be removed in a future release. Deprecation warnings can be disabled by setting deprecation_warnings=False in ansible.cfg.
changed: [localhost] => (item={u'service': u'billing-lb-lag'}) => {
    "ansible_facts": {
        "diff": {
            "changes": {
                "flaps_config": {
                    "current": null, 
                    "desired": {
                        "boost": 0, 
                        "critical": 0, 
                        "stable": 0
                    }
                }, 
                "notifications": {
                    "current": [
                        {
                            "description": null, 
                            "template_kwargs": {}, 
                            "template_name": "golem"
                        }, 
                        {
                            "description": null, 
                            "template_kwargs": {
                                "delay": 60, 
                                "login": [
                                    "YcBillingDutyPreprod"
                                ], 
                                "method": [
                                    "telegram"
                                ], 
                                "status": [
                                    "OK", 
                                    "WARN", 
                                    "CRIT"
                                ]
                            }, 
                            "template_name": "on_status_change"
                        }
                    ], 
                    "desired": [
                        {
                            "description": null, 
                            "template_kwargs": {
                                "logins": [
                                    "robot-zoidberg"
                                ]
                            }, 
                            "template_name": "phone_escalation"
                        }, 
                        {
                            "description": null, 
                            "template_kwargs": {
                                "delay": "60", 
                                "login": [
                                    "YcBillingDutyPreprod"
                                ], 
                                "method": [
                                    "telegram"
                                ], 
                                "status": [
                                    "OK", 
                                    "WARN", 
                                    "CRIT"
                                ]
                            }, 
                            "template_name": "on_status_change"
                        }
                    ]
                }, 
                "tags": {
                    "current": [
                        "yc", 
                        "yc-preprod", 
                        "yc-billing", 
                        "a_mark_yc_billing_preprod"
                    ], 
                    "desired": [
                        "yc-billing", 
                        "yc", 
                        "yc-preprod", 
                        "yc-notify", 
                        "a_mark_yc_billing_preprod"
                    ]
                }
            }
        }
    }, 
    "changed": true, 
    "invocation": {
        "module_args": {
            "children": [
                "CGROUP%cloud_preprod_billing"
            ], 
            "flap": {
                "critical": 0, 
                "stable": 0
            }, 
            "host": "yc_billing_preprod", 
            "meta": {}, 
            "namespace": "ycloud", 
            "notifications": [
                {
                    "logins": [
                        "robot-zoidberg"
                    ]
                }, 
                {
                    "delay": "60", 
                    "login": [
                        "YcBillingDutyPreprod"
                    ], 
                    "method": [
                        "telegram"
                    ], 
                    "status": [
                        "OK", 
                        "WARN", 
                        "CRIT"
                    ]
                }
            ], 
            "refresh_time": "120", 
            "service": "billing-lb-lag", 
            "tags": [
                "yc-billing", 
                "yc", 
                "yc-preprod", 
                "yc-notify"
            ], 
            "timed_more_than_limit_is_problem": {
                "limits": [
                    {
                        "crit": "0", 
                        "day_end": 7, 
                        "day_start": 1, 
                        "time_end": 23, 
                        "time_start": 0, 
                        "warn": "0"
                    }
                ]
            }, 
            "ttl": "600"
        }, 
        "module_name": "juggler_check"
    }, 
    "item": {
        "service": "billing-lb-lag"
    }
}

TASK [billing : juggler_check: billing-min-processed] **************************
task path: /Users/gentoonofb/PycharmProjects/salt-formula/juggler/checks_config/roles/billing/tasks/billing.yml:42
[DEPRECATION WARNING]: Using variables for task params is unsafe, especially if the variables come from an external source like facts.
This feature will be removed in a future release. Deprecation warnings can be disabled by setting deprecation_warnings=False in ansible.cfg.
changed: [localhost] => (item={u'service': u'billing-min-processed'}) => {
    "ansible_facts": {
        "diff": {
            "changes": {
                "flaps_config": {
                    "current": null, 
                    "desired": {
                        "boost": 0, 
                        "critical": 0, 
                        "stable": 0
                    }
                }, 
                "notifications": {
                    "current": [
                        {
                            "description": null, 
                            "template_kwargs": {}, 
                            "template_name": "golem"
                        }, 
                        {
                            "description": null, 
                            "template_kwargs": {
                                "delay": 60, 
                                "login": [
                                    "YcBillingDutyPreprod"
                                ], 
                                "method": [
                                    "telegram"
                                ], 
                                "status": [
                                    "OK", 
                                    "WARN", 
                                    "CRIT"
                                ]
                            }, 
                            "template_name": "on_status_change"
                        }
                    ], 
                    "desired": [
                        {
                            "description": null, 
                            "template_kwargs": {
                                "logins": [
                                    "robot-zoidberg"
                                ]
                            }, 
                            "template_name": "phone_escalation"
                        }, 
                        {
                            "description": null, 
                            "template_kwargs": {
                                "delay": "60", 
                                "login": [
                                    "YcBillingDutyPreprod"
                                ], 
                                "method": [
                                    "telegram"
                                ], 
                                "status": [
                                    "OK", 
                                    "WARN", 
                                    "CRIT"
                                ]
                            }, 
                            "template_name": "on_status_change"
                        }
                    ]
                }, 
                "tags": {
                    "current": [
                        "yc", 
                        "yc-preprod", 
                        "yc-billing", 
                        "a_mark_yc_billing_preprod"
                    ], 
                    "desired": [
                        "yc-billing", 
                        "yc", 
                        "yc-preprod", 
                        "yc-notify", 
                        "a_mark_yc_billing_preprod"
                    ]
                }
            }
        }
    }, 
    "changed": true, 
    "invocation": {
        "module_args": {
            "children": [
                "CGROUP%cloud_preprod_billing"
            ], 
            "flap": {
                "critical": 0, 
                "stable": 0
            }, 
            "host": "yc_billing_preprod", 
            "meta": {}, 
            "namespace": "ycloud", 
            "notifications": [
                {
                    "logins": [
                        "robot-zoidberg"
                    ]
                }, 
                {
                    "delay": "60", 
                    "login": [
                        "YcBillingDutyPreprod"
                    ], 
                    "method": [
                        "telegram"
                    ], 
                    "status": [
                        "OK", 
                        "WARN", 
                        "CRIT"
                    ]
                }
            ], 
            "refresh_time": "120", 
            "service": "billing-min-processed", 
            "tags": [
                "yc-billing", 
                "yc", 
                "yc-preprod", 
                "yc-notify"
            ], 
            "timed_more_than_limit_is_problem": {
                "limits": [
                    {
                        "crit": "0", 
                        "day_end": 7, 
                        "day_start": 1, 
                        "time_end": 23, 
                        "time_start": 0, 
                        "warn": "0"
                    }
                ]
            }, 
            "ttl": "600"
        }, 
        "module_name": "juggler_check"
    }, 
    "item": {
        "service": "billing-min-processed"
    }
}

TASK [billing : juggler_check: billing-alive-engine-workers] *******************
task path: /Users/gentoonofb/PycharmProjects/salt-formula/juggler/checks_config/roles/billing/tasks/billing.yml:50
[DEPRECATION WARNING]: Using variables for task params is unsafe, especially if the variables come from an external source like facts.
This feature will be removed in a future release. Deprecation warnings can be disabled by setting deprecation_warnings=False in ansible.cfg.
changed: [localhost] => (item={u'service': u'billing-alive-engine-workers'}) => {
    "ansible_facts": {
        "diff": {
            "changes": {
                "flaps_config": {
                    "current": null, 
                    "desired": {
                        "boost": 0, 
                        "critical": 0, 
                        "stable": 0
                    }
                }, 
                "notifications": {
                    "current": [
                        {
                            "description": null, 
                            "template_kwargs": {}, 
                            "template_name": "golem"
                        }, 
                        {
                            "description": null, 
                            "template_kwargs": {
                                "delay": 60, 
                                "login": [
                                    "YcBillingDutyPreprod"
                                ], 
                                "method": [
                                    "telegram"
                                ], 
                                "status": [
                                    "OK", 
                                    "WARN", 
                                    "CRIT"
                                ]
                            }, 
                            "template_name": "on_status_change"
                        }
                    ], 
                    "desired": [
                        {
                            "description": null, 
                            "template_kwargs": {
                                "logins": [
                                    "robot-zoidberg"
                                ]
                            }, 
                            "template_name": "phone_escalation"
                        }, 
                        {
                            "description": null, 
                            "template_kwargs": {
                                "delay": "60", 
                                "login": [
                                    "YcBillingDutyPreprod"
                                ], 
                                "method": [
                                    "telegram"
                                ], 
                                "status": [
                                    "OK", 
                                    "WARN", 
                                    "CRIT"
                                ]
                            }, 
                            "template_name": "on_status_change"
                        }
                    ]
                }, 
                "tags": {
                    "current": [
                        "yc", 
                        "yc-preprod", 
                        "yc-billing", 
                        "a_mark_yc_billing_preprod"
                    ], 
                    "desired": [
                        "yc-billing", 
                        "yc", 
                        "yc-preprod", 
                        "yc-notify", 
                        "a_mark_yc_billing_preprod"
                    ]
                }
            }
        }
    }, 
    "changed": true, 
    "invocation": {
        "module_args": {
            "children": [
                "CGROUP%cloud_preprod_billing"
            ], 
            "flap": {
                "critical": 0, 
                "stable": 0
            }, 
            "host": "yc_billing_preprod", 
            "meta": {}, 
            "namespace": "ycloud", 
            "notifications": [
                {
                    "logins": [
                        "robot-zoidberg"
                    ]
                }, 
                {
                    "delay": "60", 
                    "login": [
                        "YcBillingDutyPreprod"
                    ], 
                    "method": [
                        "telegram"
                    ], 
                    "status": [
                        "OK", 
                        "WARN", 
                        "CRIT"
                    ]
                }
            ], 
            "refresh_time": "120", 
            "service": "billing-alive-engine-workers", 
            "tags": [
                "yc-billing", 
                "yc", 
                "yc-preprod", 
                "yc-notify"
            ], 
            "timed_more_than_limit_is_problem": {
                "limits": [
                    {
                        "crit": "0", 
                        "day_end": 7, 
                        "day_start": 1, 
                        "time_end": 23, 
                        "time_start": 0, 
                        "warn": "0"
                    }
                ]
            }, 
            "ttl": "600"
        }, 
        "module_name": "juggler_check"
    }, 
    "item": {
        "service": "billing-alive-engine-workers"
    }
}

TASK [billing : juggler_check: billing-alive-uploader-workers] *****************
task path: /Users/gentoonofb/PycharmProjects/salt-formula/juggler/checks_config/roles/billing/tasks/billing.yml:58
[DEPRECATION WARNING]: Using variables for task params is unsafe, especially if the variables come from an external source like facts.
This feature will be removed in a future release. Deprecation warnings can be disabled by setting deprecation_warnings=False in ansible.cfg.
changed: [localhost] => (item={u'service': u'billing-alive-uploader-workers'}) => {
    "ansible_facts": {
        "diff": {
            "changes": {
                "flaps_config": {
                    "current": null, 
                    "desired": {
                        "boost": 0, 
                        "critical": 0, 
                        "stable": 0
                    }
                }, 
                "notifications": {
                    "current": [
                        {
                            "description": null, 
                            "template_kwargs": {}, 
                            "template_name": "golem"
                        }, 
                        {
                            "description": null, 
                            "template_kwargs": {
                                "delay": 60, 
                                "login": [
                                    "YcBillingDutyPreprod"
                                ], 
                                "method": [
                                    "telegram"
                                ], 
                                "status": [
                                    "OK", 
                                    "WARN", 
                                    "CRIT"
                                ]
                            }, 
                            "template_name": "on_status_change"
                        }
                    ], 
                    "desired": [
                        {
                            "description": null, 
                            "template_kwargs": {
                                "logins": [
                                    "robot-zoidberg"
                                ]
                            }, 
                            "template_name": "phone_escalation"
                        }, 
                        {
                            "description": null, 
                            "template_kwargs": {
                                "delay": "60", 
                                "login": [
                                    "YcBillingDutyPreprod"
                                ], 
                                "method": [
                                    "telegram"
                                ], 
                                "status": [
                                    "OK", 
                                    "WARN", 
                                    "CRIT"
                                ]
                            }, 
                            "template_name": "on_status_change"
                        }
                    ]
                }, 
                "tags": {
                    "current": [
                        "yc", 
                        "yc-preprod", 
                        "yc-billing", 
                        "a_mark_yc_billing_preprod"
                    ], 
                    "desired": [
                        "yc-billing", 
                        "yc", 
                        "yc-preprod", 
                        "yc-notify", 
                        "a_mark_yc_billing_preprod"
                    ]
                }
            }
        }
    }, 
    "changed": true, 
    "invocation": {
        "module_args": {
            "children": [
                "CGROUP%cloud_preprod_billing"
            ], 
            "flap": {
                "critical": 0, 
                "stable": 0
            }, 
            "host": "yc_billing_preprod", 
            "meta": {}, 
            "namespace": "ycloud", 
            "notifications": [
                {
                    "logins": [
                        "robot-zoidberg"
                    ]
                }, 
                {
                    "delay": "60", 
                    "login": [
                        "YcBillingDutyPreprod"
                    ], 
                    "method": [
                        "telegram"
                    ], 
                    "status": [
                        "OK", 
                        "WARN", 
                        "CRIT"
                    ]
                }
            ], 
            "refresh_time": "120", 
            "service": "billing-alive-uploader-workers", 
            "tags": [
                "yc-billing", 
                "yc", 
                "yc-preprod", 
                "yc-notify"
            ], 
            "timed_more_than_limit_is_problem": {
                "limits": [
                    {
                        "crit": "0", 
                        "day_end": 7, 
                        "day_start": 1, 
                        "time_end": 23, 
                        "time_start": 0, 
                        "warn": "0"
                    }
                ]
            }, 
            "ttl": "600"
        }, 
        "module_name": "juggler_check"
    }, 
    "item": {
        "service": "billing-alive-uploader-workers"
    }
}

TASK [billing : juggler_check: billing-cashed-lag] *****************************
task path: /Users/gentoonofb/PycharmProjects/salt-formula/juggler/checks_config/roles/billing/tasks/billing.yml:66
[DEPRECATION WARNING]: Using variables for task params is unsafe, especially if the variables come from an external source like facts.
This feature will be removed in a future release. Deprecation warnings can be disabled by setting deprecation_warnings=False in ansible.cfg.
changed: [localhost] => (item={u'service': u'billing-cashed-lag'}) => {
    "ansible_facts": {
        "diff": {
            "changes": {
                "flaps_config": {
                    "current": null, 
                    "desired": {
                        "boost": 0, 
                        "critical": 0, 
                        "stable": 0
                    }
                }, 
                "notifications": {
                    "current": [
                        {
                            "description": null, 
                            "template_kwargs": {}, 
                            "template_name": "golem"
                        }, 
                        {
                            "description": null, 
                            "template_kwargs": {
                                "delay": 60, 
                                "login": [
                                    "YcBillingDutyPreprod"
                                ], 
                                "method": [
                                    "telegram"
                                ], 
                                "status": [
                                    "OK", 
                                    "WARN", 
                                    "CRIT"
                                ]
                            }, 
                            "template_name": "on_status_change"
                        }
                    ], 
                    "desired": [
                        {
                            "description": null, 
                            "template_kwargs": {
                                "logins": [
                                    "robot-zoidberg"
                                ]
                            }, 
                            "template_name": "phone_escalation"
                        }, 
                        {
                            "description": null, 
                            "template_kwargs": {
                                "delay": "60", 
                                "login": [
                                    "YcBillingDutyPreprod"
                                ], 
                                "method": [
                                    "telegram"
                                ], 
                                "status": [
                                    "OK", 
                                    "WARN", 
                                    "CRIT"
                                ]
                            }, 
                            "template_name": "on_status_change"
                        }
                    ]
                }, 
                "tags": {
                    "current": [
                        "yc", 
                        "yc-preprod", 
                        "yc-billing", 
                        "a_mark_yc_billing_preprod"
                    ], 
                    "desired": [
                        "yc-billing", 
                        "yc", 
                        "yc-preprod", 
                        "yc-notify", 
                        "a_mark_yc_billing_preprod"
                    ]
                }
            }
        }
    }, 
    "changed": true, 
    "invocation": {
        "module_args": {
            "children": [
                "CGROUP%cloud_preprod_billing"
            ], 
            "flap": {
                "critical": 0, 
                "stable": 0
            }, 
            "host": "yc_billing_preprod", 
            "meta": {}, 
            "namespace": "ycloud", 
            "notifications": [
                {
                    "logins": [
                        "robot-zoidberg"
                    ]
                }, 
                {
                    "delay": "60", 
                    "login": [
                        "YcBillingDutyPreprod"
                    ], 
                    "method": [
                        "telegram"
                    ], 
                    "status": [
                        "OK", 
                        "WARN", 
                        "CRIT"
                    ]
                }
            ], 
            "refresh_time": "120", 
            "service": "billing-cashed-lag", 
            "tags": [
                "yc-billing", 
                "yc", 
                "yc-preprod", 
                "yc-notify"
            ], 
            "timed_more_than_limit_is_problem": {
                "limits": [
                    {
                        "crit": "0", 
                        "day_end": 7, 
                        "day_start": 1, 
                        "time_end": 23, 
                        "time_start": 0, 
                        "warn": "0"
                    }
                ]
            }, 
            "ttl": "600"
        }, 
        "module_name": "juggler_check"
    }, 
    "item": {
        "service": "billing-cashed-lag"
    }
}

TASK [billing : juggler_check: billing-presented-lag] **************************
task path: /Users/gentoonofb/PycharmProjects/salt-formula/juggler/checks_config/roles/billing/tasks/billing.yml:74
[DEPRECATION WARNING]: Using variables for task params is unsafe, especially if the variables come from an external source like facts.
This feature will be removed in a future release. Deprecation warnings can be disabled by setting deprecation_warnings=False in ansible.cfg.
changed: [localhost] => (item={u'service': u'billing-presented-lag'}) => {
    "ansible_facts": {
        "diff": {
            "changes": {
                "flaps_config": {
                    "current": null, 
                    "desired": {
                        "boost": 0, 
                        "critical": 0, 
                        "stable": 0
                    }
                }, 
                "notifications": {
                    "current": [
                        {
                            "description": null, 
                            "template_kwargs": {}, 
                            "template_name": "golem"
                        }, 
                        {
                            "description": null, 
                            "template_kwargs": {
                                "delay": 60, 
                                "login": [
                                    "YcBillingDutyPreprod"
                                ], 
                                "method": [
                                    "telegram"
                                ], 
                                "status": [
                                    "OK", 
                                    "WARN", 
                                    "CRIT"
                                ]
                            }, 
                            "template_name": "on_status_change"
                        }
                    ], 
                    "desired": [
                        {
                            "description": null, 
                            "template_kwargs": {
                                "logins": [
                                    "robot-zoidberg"
                                ]
                            }, 
                            "template_name": "phone_escalation"
                        }, 
                        {
                            "description": null, 
                            "template_kwargs": {
                                "delay": "60", 
                                "login": [
                                    "YcBillingDutyPreprod"
                                ], 
                                "method": [
                                    "telegram"
                                ], 
                                "status": [
                                    "OK", 
                                    "WARN", 
                                    "CRIT"
                                ]
                            }, 
                            "template_name": "on_status_change"
                        }
                    ]
                }, 
                "tags": {
                    "current": [
                        "yc", 
                        "yc-preprod", 
                        "yc-billing", 
                        "a_mark_yc_billing_preprod"
                    ], 
                    "desired": [
                        "yc-billing", 
                        "yc", 
                        "yc-preprod", 
                        "yc-notify", 
                        "a_mark_yc_billing_preprod"
                    ]
                }
            }
        }
    }, 
    "changed": true, 
    "invocation": {
        "module_args": {
            "children": [
                "CGROUP%cloud_preprod_billing"
            ], 
            "flap": {
                "critical": 0, 
                "stable": 0
            }, 
            "host": "yc_billing_preprod", 
            "meta": {}, 
            "namespace": "ycloud", 
            "notifications": [
                {
                    "logins": [
                        "robot-zoidberg"
                    ]
                }, 
                {
                    "delay": "60", 
                    "login": [
                        "YcBillingDutyPreprod"
                    ], 
                    "method": [
                        "telegram"
                    ], 
                    "status": [
                        "OK", 
                        "WARN", 
                        "CRIT"
                    ]
                }
            ], 
            "refresh_time": "120", 
            "service": "billing-presented-lag", 
            "tags": [
                "yc-billing", 
                "yc", 
                "yc-preprod", 
                "yc-notify"
            ], 
            "timed_more_than_limit_is_problem": {
                "limits": [
                    {
                        "crit": "0", 
                        "day_end": 7, 
                        "day_start": 1, 
                        "time_end": 23, 
                        "time_start": 0, 
                        "warn": "0"
                    }
                ]
            }, 
            "ttl": "600"
        }, 
        "module_name": "juggler_check"
    }, 
    "item": {
        "service": "billing-presented-lag"
    }
}

TASK [billing : juggler_check: billing-failed-engine-tasks] ********************
task path: /Users/gentoonofb/PycharmProjects/salt-formula/juggler/checks_config/roles/billing/tasks/billing.yml:82
[DEPRECATION WARNING]: Using variables for task params is unsafe, especially if the variables come from an external source like facts.
This feature will be removed in a future release. Deprecation warnings can be disabled by setting deprecation_warnings=False in ansible.cfg.
changed: [localhost] => (item={u'service': u'billing-failed-engine-tasks'}) => {
    "ansible_facts": {
        "diff": {
            "changes": {
                "flaps_config": {
                    "current": null, 
                    "desired": {
                        "boost": 0, 
                        "critical": 0, 
                        "stable": 0
                    }
                }, 
                "notifications": {
                    "current": [
                        {
                            "description": null, 
                            "template_kwargs": {}, 
                            "template_name": "golem"
                        }, 
                        {
                            "description": null, 
                            "template_kwargs": {
                                "delay": 60, 
                                "login": [
                                    "YcBillingDutyPreprod"
                                ], 
                                "method": [
                                    "telegram"
                                ], 
                                "status": [
                                    "OK", 
                                    "WARN", 
                                    "CRIT"
                                ]
                            }, 
                            "template_name": "on_status_change"
                        }
                    ], 
                    "desired": [
                        {
                            "description": null, 
                            "template_kwargs": {
                                "logins": [
                                    "robot-zoidberg"
                                ]
                            }, 
                            "template_name": "phone_escalation"
                        }, 
                        {
                            "description": null, 
                            "template_kwargs": {
                                "delay": "60", 
                                "login": [
                                    "YcBillingDutyPreprod"
                                ], 
                                "method": [
                                    "telegram"
                                ], 
                                "status": [
                                    "OK", 
                                    "WARN", 
                                    "CRIT"
                                ]
                            }, 
                            "template_name": "on_status_change"
                        }
                    ]
                }, 
                "tags": {
                    "current": [
                        "yc", 
                        "yc-preprod", 
                        "yc-billing", 
                        "a_mark_yc_billing_preprod"
                    ], 
                    "desired": [
                        "yc-billing", 
                        "yc", 
                        "yc-preprod", 
                        "yc-notify", 
                        "a_mark_yc_billing_preprod"
                    ]
                }
            }
        }
    }, 
    "changed": true, 
    "invocation": {
        "module_args": {
            "children": [
                "CGROUP%cloud_preprod_billing"
            ], 
            "flap": {
                "critical": 0, 
                "stable": 0
            }, 
            "host": "yc_billing_preprod", 
            "meta": {}, 
            "namespace": "ycloud", 
            "notifications": [
                {
                    "logins": [
                        "robot-zoidberg"
                    ]
                }, 
                {
                    "delay": "60", 
                    "login": [
                        "YcBillingDutyPreprod"
                    ], 
                    "method": [
                        "telegram"
                    ], 
                    "status": [
                        "OK", 
                        "WARN", 
                        "CRIT"
                    ]
                }
            ], 
            "refresh_time": "120", 
            "service": "billing-failed-engine-tasks", 
            "tags": [
                "yc-billing", 
                "yc", 
                "yc-preprod", 
                "yc-notify"
            ], 
            "timed_more_than_limit_is_problem": {
                "limits": [
                    {
                        "crit": "0", 
                        "day_end": 7, 
                        "day_start": 1, 
                        "time_end": 23, 
                        "time_start": 0, 
                        "warn": "0"
                    }
                ]
            }, 
            "ttl": "600"
        }, 
        "module_name": "juggler_check"
    }, 
    "item": {
        "service": "billing-failed-engine-tasks"
    }
}

TASK [billing : juggler_check: billing-discarded] ******************************
task path: /Users/gentoonofb/PycharmProjects/salt-formula/juggler/checks_config/roles/billing/tasks/billing.yml:90
[DEPRECATION WARNING]: Using variables for task params is unsafe, especially if the variables come from an external source like facts.
This feature will be removed in a future release. Deprecation warnings can be disabled by setting deprecation_warnings=False in ansible.cfg.
changed: [localhost] => (item={u'timed_more_than_limit_is_problem': {u'nodata_mode': u'force_ok'}, u'children': [], u'service': u'billing-discarded', u'ttl': 300}) => {
    "ansible_facts": {
        "diff": {
            "changes": {
                "flaps_config": {
                    "current": null, 
                    "desired": {
                        "boost": 0, 
                        "critical": 0, 
                        "stable": 0
                    }
                }, 
                "notifications": {
                    "current": [
                        {
                            "description": null, 
                            "template_kwargs": {
                                "delay": 60, 
                                "login": [
                                    "YcBillingDutyPreprod"
                                ], 
                                "method": [
                                    "telegram"
                                ], 
                                "status": [
                                    "OK", 
                                    "WARN", 
                                    "CRIT"
                                ]
                            }, 
                            "template_name": "on_status_change"
                        }
                    ], 
                    "desired": [
                        {
                            "description": null, 
                            "template_kwargs": {
                                "delay": "60", 
                                "login": [
                                    "YcBillingDutyPreprod"
                                ], 
                                "method": [
                                    "telegram"
                                ], 
                                "status": [
                                    "OK", 
                                    "WARN", 
                                    "CRIT"
                                ]
                            }, 
                            "template_name": "on_status_change"
                        }
                    ]
                }, 
                "tags": {
                    "current": [
                        "yc", 
                        "yc-preprod", 
                        "yc-billing", 
                        "a_mark_yc_billing_preprod"
                    ], 
                    "desired": [
                        "yc-billing", 
                        "yc", 
                        "yc-preprod", 
                        "yc-notify", 
                        "a_mark_yc_billing_preprod"
                    ]
                }
            }
        }
    }, 
    "changed": true, 
    "invocation": {
        "module_args": {
            "children": [], 
            "flap": {
                "critical": 0, 
                "stable": 0
            }, 
            "host": "yc_billing_preprod", 
            "meta": {}, 
            "namespace": "ycloud", 
            "notifications": [
                {
                    "delay": "60", 
                    "login": [
                        "YcBillingDutyPreprod"
                    ], 
                    "method": [
                        "telegram"
                    ], 
                    "status": [
                        "OK", 
                        "WARN", 
                        "CRIT"
                    ]
                }
            ], 
            "refresh_time": "120", 
            "service": "billing-discarded", 
            "tags": [
                "yc-billing", 
                "yc", 
                "yc-preprod", 
                "yc-notify"
            ], 
            "timed_more_than_limit_is_problem": {
                "limits": [
                    {
                        "crit": "0", 
                        "day_end": 7, 
                        "day_start": 1, 
                        "time_end": 23, 
                        "time_start": 0, 
                        "warn": "0"
                    }
                ], 
                "nodata_mode": "force_ok"
            }, 
            "ttl": 300
        }, 
        "module_name": "juggler_check"
    }, 
    "item": {
        "children": [], 
        "service": "billing-discarded", 
        "timed_more_than_limit_is_problem": {
            "nodata_mode": "force_ok"
        }, 
        "ttl": 300
    }
}

TASK [billing : juggler_check: billing-expired] ********************************
task path: /Users/gentoonofb/PycharmProjects/salt-formula/juggler/checks_config/roles/billing/tasks/billing.yml:103
[DEPRECATION WARNING]: Using variables for task params is unsafe, especially if the variables come from an external source like facts.
This feature will be removed in a future release. Deprecation warnings can be disabled by setting deprecation_warnings=False in ansible.cfg.
changed: [localhost] => (item={u'timed_more_than_limit_is_problem': {u'nodata_mode': u'force_ok'}, u'children': [], u'service': u'billing-expired', u'ttl': 300}) => {
    "ansible_facts": {
        "diff": {
            "changes": {
                "flaps_config": {
                    "current": null, 
                    "desired": {
                        "boost": 0, 
                        "critical": 0, 
                        "stable": 0
                    }
                }, 
                "notifications": {
                    "current": [
                        {
                            "description": null, 
                            "template_kwargs": {
                                "delay": 60, 
                                "login": [
                                    "YcBillingDutyPreprod"
                                ], 
                                "method": [
                                    "telegram"
                                ], 
                                "status": [
                                    "OK", 
                                    "WARN", 
                                    "CRIT"
                                ]
                            }, 
                            "template_name": "on_status_change"
                        }
                    ], 
                    "desired": [
                        {
                            "description": null, 
                            "template_kwargs": {
                                "delay": "60", 
                                "login": [
                                    "YcBillingDutyPreprod"
                                ], 
                                "method": [
                                    "telegram"
                                ], 
                                "status": [
                                    "OK", 
                                    "WARN", 
                                    "CRIT"
                                ]
                            }, 
                            "template_name": "on_status_change"
                        }
                    ]
                }
            }
        }
    }, 
    "changed": true, 
    "invocation": {
        "module_args": {
            "children": [], 
            "flap": {
                "critical": 0, 
                "stable": 0
            }, 
            "host": "yc_billing_preprod", 
            "meta": {}, 
            "namespace": "ycloud", 
            "notifications": [
                {
                    "delay": "60", 
                    "login": [
                        "YcBillingDutyPreprod"
                    ], 
                    "method": [
                        "telegram"
                    ], 
                    "status": [
                        "OK", 
                        "WARN", 
                        "CRIT"
                    ]
                }
            ], 
            "refresh_time": "120", 
            "service": "billing-expired", 
            "tags": [
                "yc-billing", 
                "yc", 
                "yc-preprod"
            ], 
            "timed_more_than_limit_is_problem": {
                "limits": [
                    {
                        "crit": "0", 
                        "day_end": 7, 
                        "day_start": 1, 
                        "time_end": 23, 
                        "time_start": 0, 
                        "warn": "0"
                    }
                ], 
                "nodata_mode": "force_ok"
            }, 
            "ttl": 300
        }, 
        "module_name": "juggler_check"
    }, 
    "item": {
        "children": [], 
        "service": "billing-expired", 
        "timed_more_than_limit_is_problem": {
            "nodata_mode": "force_ok"
        }, 
        "ttl": 300
    }
}

TASK [billing : juggler_check: billing-yt-lb-raw] ******************************
task path: /Users/gentoonofb/PycharmProjects/salt-formula/juggler/checks_config/roles/billing/tasks/billing.yml:115
[DEPRECATION WARNING]: Using variables for task params is unsafe, especially if the variables come from an external source like facts.
This feature will be removed in a future release. Deprecation warnings can be disabled by setting deprecation_warnings=False in ansible.cfg.
changed: [localhost] => (item={u'timed_more_than_limit_is_problem': {u'nodata_mode': u'force_ok'}, u'children': [], u'service': u'billing-yt-lb-raw', u'ttl': 300}) => {
    "ansible_facts": {
        "diff": {
            "changes": {
                "flaps_config": {
                    "current": null, 
                    "desired": {
                        "boost": 0, 
                        "critical": 0, 
                        "stable": 0
                    }
                }, 
                "notifications": {
                    "current": [
                        {
                            "description": null, 
                            "template_kwargs": {
                                "delay": 60, 
                                "login": [
                                    "YcBillingDutyPreprod"
                                ], 
                                "method": [
                                    "telegram"
                                ], 
                                "status": [
                                    "OK", 
                                    "WARN", 
                                    "CRIT"
                                ]
                            }, 
                            "template_name": "on_status_change"
                        }
                    ], 
                    "desired": [
                        {
                            "description": null, 
                            "template_kwargs": {
                                "delay": "60", 
                                "login": [
                                    "YcBillingDutyPreprod"
                                ], 
                                "method": [
                                    "telegram"
                                ], 
                                "status": [
                                    "OK", 
                                    "WARN", 
                                    "CRIT"
                                ]
                            }, 
                            "template_name": "on_status_change"
                        }
                    ]
                }
            }
        }
    }, 
    "changed": true, 
    "invocation": {
        "module_args": {
            "children": [], 
            "flap": {
                "critical": 0, 
                "stable": 0
            }, 
            "host": "yc_billing_preprod", 
            "meta": {}, 
            "namespace": "ycloud", 
            "notifications": [
                {
                    "delay": "60", 
                    "login": [
                        "YcBillingDutyPreprod"
                    ], 
                    "method": [
                        "telegram"
                    ], 
                    "status": [
                        "OK", 
                        "WARN", 
                        "CRIT"
                    ]
                }
            ], 
            "refresh_time": "120", 
            "service": "billing-yt-lb-raw", 
            "tags": [
                "yc-billing", 
                "yc", 
                "yc-preprod"
            ], 
            "timed_more_than_limit_is_problem": {
                "limits": [
                    {
                        "crit": "0", 
                        "day_end": 7, 
                        "day_start": 1, 
                        "time_end": 23, 
                        "time_start": 0, 
                        "warn": "0"
                    }
                ], 
                "nodata_mode": "force_ok"
            }, 
            "ttl": 300
        }, 
        "module_name": "juggler_check"
    }, 
    "item": {
        "children": [], 
        "service": "billing-yt-lb-raw", 
        "timed_more_than_limit_is_problem": {
            "nodata_mode": "force_ok"
        }, 
        "ttl": 300
    }
}

TASK [billing : juggler_check: billing-transactions-frozen] ********************
task path: /Users/gentoonofb/PycharmProjects/salt-formula/juggler/checks_config/roles/billing/tasks/billing.yml:127
[DEPRECATION WARNING]: Using variables for task params is unsafe, especially if the variables come from an external source like facts.
This feature will be removed in a future release. Deprecation warnings can be disabled by setting deprecation_warnings=False in ansible.cfg.
changed: [localhost] => (item={u'timed_more_than_limit_is_problem': {u'nodata_mode': u'force_ok'}, u'children': [], u'service': u'billing-transactions-frozen', u'ttl': 300}) => {
    "ansible_facts": {
        "diff": {
            "changes": {
                "flaps_config": {
                    "current": null, 
                    "desired": {
                        "boost": 0, 
                        "critical": 0, 
                        "stable": 0
                    }
                }, 
                "notifications": {
                    "current": [
                        {
                            "description": null, 
                            "template_kwargs": {
                                "delay": 60, 
                                "login": [
                                    "YcBillingDutyPreprod"
                                ], 
                                "method": [
                                    "telegram"
                                ], 
                                "status": [
                                    "OK", 
                                    "WARN", 
                                    "CRIT"
                                ]
                            }, 
                            "template_name": "on_status_change"
                        }
                    ], 
                    "desired": [
                        {
                            "description": null, 
                            "template_kwargs": {
                                "delay": "60", 
                                "login": [
                                    "YcBillingDutyPreprod"
                                ], 
                                "method": [
                                    "telegram"
                                ], 
                                "status": [
                                    "OK", 
                                    "WARN", 
                                    "CRIT"
                                ]
                            }, 
                            "template_name": "on_status_change"
                        }
                    ]
                }
            }
        }
    }, 
    "changed": true, 
    "invocation": {
        "module_args": {
            "children": [], 
            "flap": {
                "critical": 0, 
                "stable": 0
            }, 
            "host": "yc_billing_preprod", 
            "meta": {}, 
            "namespace": "ycloud", 
            "notifications": [
                {
                    "delay": "60", 
                    "login": [
                        "YcBillingDutyPreprod"
                    ], 
                    "method": [
                        "telegram"
                    ], 
                    "status": [
                        "OK", 
                        "WARN", 
                        "CRIT"
                    ]
                }
            ], 
            "refresh_time": "120", 
            "service": "billing-transactions-frozen", 
            "tags": [
                "yc-billing", 
                "yc", 
                "yc-preprod"
            ], 
            "timed_more_than_limit_is_problem": {
                "limits": [
                    {
                        "crit": "0", 
                        "day_end": 7, 
                        "day_start": 1, 
                        "time_end": 23, 
                        "time_start": 0, 
                        "warn": "0"
                    }
                ], 
                "nodata_mode": "force_ok"
            }, 
            "ttl": 300
        }, 
        "module_name": "juggler_check"
    }, 
    "item": {
        "children": [], 
        "service": "billing-transactions-frozen", 
        "timed_more_than_limit_is_problem": {
            "nodata_mode": "force_ok"
        }, 
        "ttl": 300
    }
}

PLAY RECAP *********************************************************************
localhost                  : ok=16   changed=15   unreachable=0    failed=0   

