Using /Users/gentoonofb/PycharmProjects/salt-formula/juggler/checks_config/ansible.cfg as config file
 [WARNING]: provided hosts list is empty, only localhost is available
statically included: /Users/gentoonofb/PycharmProjects/salt-formula/juggler/checks_config/tasks/common.yml
statically included: /Users/gentoonofb/PycharmProjects/salt-formula/juggler/checks_config/roles/head/tasks/push-client.yml
statically included: /Users/gentoonofb/PycharmProjects/salt-formula/juggler/checks_config/roles/head/tasks/compute.yml
statically included: /Users/gentoonofb/PycharmProjects/salt-formula/juggler/checks_config/roles/snapshot/tasks/snapshot.yml
statically included: /Users/gentoonofb/PycharmProjects/salt-formula/juggler/checks_config/tasks/common.yml
[DEPRECATION WARNING]: Specifying include variables at the top-level of the task is deprecated. Please see:
http://docs.ansible.com/ansible/playbooks_roles.html#task-include-files-and-encouraging-reuse

 for currently supported syntax regarding included files and variables.
This feature will be removed in a 
future release. Deprecation warnings can be disabled by setting deprecation_warnings=False in ansible.cfg.
statically included: /Users/gentoonofb/PycharmProjects/salt-formula/juggler/checks_config/tasks/common.yml
statically included: /Users/gentoonofb/PycharmProjects/salt-formula/juggler/checks_config/tasks/common_hardware.yml
statically included: /Users/gentoonofb/PycharmProjects/salt-formula/juggler/checks_config/tasks/common.yml
statically included: /Users/gentoonofb/PycharmProjects/salt-formula/juggler/checks_config/tasks/nbs.yml
statically included: /Users/gentoonofb/PycharmProjects/salt-formula/juggler/checks_config/tasks/common_hardware.yml
statically included: /Users/gentoonofb/PycharmProjects/salt-formula/juggler/checks_config/roles/compute/tasks/kikimr.yml
statically included: /Users/gentoonofb/PycharmProjects/salt-formula/juggler/checks_config/roles/compute/tasks/kikimr_storage.yml
statically included: /Users/gentoonofb/PycharmProjects/salt-formula/juggler/checks_config/roles/compute/tasks/push-client.yml
statically included: /Users/gentoonofb/PycharmProjects/salt-formula/juggler/checks_config/roles/compute/tasks/compute-node.yml
statically included: /Users/gentoonofb/PycharmProjects/salt-formula/juggler/checks_config/roles/compute/tasks/serialproxy.yml
statically included: /Users/gentoonofb/PycharmProjects/salt-formula/juggler/checks_config/roles/compute/tasks/network.yml
statically included: /Users/gentoonofb/PycharmProjects/salt-formula/juggler/checks_config/roles/compute/tasks/staging-network.yml
statically included: /Users/gentoonofb/PycharmProjects/salt-formula/juggler/checks_config/tasks/common.yml
statically included: /Users/gentoonofb/PycharmProjects/salt-formula/juggler/checks_config/roles/serialssh/tasks/serialssh.yml
statically included: /Users/gentoonofb/PycharmProjects/salt-formula/juggler/checks_config/roles/oct_head/tasks/network.yml
statically included: /Users/gentoonofb/PycharmProjects/salt-formula/juggler/checks_config/tasks/common.yml
statically included: /Users/gentoonofb/PycharmProjects/salt-formula/juggler/checks_config/roles/oct_head/tasks/staging.yml
statically included: /Users/gentoonofb/PycharmProjects/salt-formula/juggler/checks_config/tasks/common.yml
statically included: /Users/gentoonofb/PycharmProjects/salt-formula/juggler/checks_config/roles/cloudgate/tasks/cloudgate.yml
statically included: /Users/gentoonofb/PycharmProjects/salt-formula/juggler/checks_config/roles/cloudgate/tasks/staging.yml
statically included: /Users/gentoonofb/PycharmProjects/salt-formula/juggler/checks_config/roles/billing/tasks/billing.yml
statically included: /Users/gentoonofb/PycharmProjects/salt-formula/juggler/checks_config/tasks/common.yml
statically included: /Users/gentoonofb/PycharmProjects/salt-formula/juggler/checks_config/roles/lb_slb-adapter/tasks/adapter.yml
statically included: /Users/gentoonofb/PycharmProjects/salt-formula/juggler/checks_config/roles/iam/tasks/iam.yml
statically included: /Users/gentoonofb/PycharmProjects/salt-formula/juggler/checks_config/tasks/common.yml
statically included: /Users/gentoonofb/PycharmProjects/salt-formula/juggler/checks_config/tasks/api_push_client.yml
statically included: /Users/gentoonofb/PycharmProjects/salt-formula/juggler/checks_config/roles/api-adapter/tasks/api-adapter.yml
statically included: /Users/gentoonofb/PycharmProjects/salt-formula/juggler/checks_config/roles/bootstrap/tasks/bootstrap.yml
statically included: /Users/gentoonofb/PycharmProjects/salt-formula/juggler/checks_config/tasks/common.yml
statically included: /Users/gentoonofb/PycharmProjects/salt-formula/juggler/checks_config/roles/cores/tasks/cores.yml
Loading callback plugin default of type stdout, v2.0 from /Users/gentoonofb/.local/share/virtualenvs/ansible-juggler/lib/python2.7/site-packages/ansible/plugins/callback/__init__.pyc

PLAYBOOK: yc_checks_config_preprod.yml *****************************************
1 plays in yc_checks_config_preprod.yml

PLAY [localhost] ***************************************************************

TASK [juggler_facts] ***********************************************************
task path: /Users/gentoonofb/PycharmProjects/salt-formula/juggler/checks_config/yc_checks_config_preprod.yml:5
WARNING:root:Specifying path in api_url is deprecated
ok: [localhost] => {
    "ansible_facts": {}, 
    "changed": false, 
    "invocation": {
        "module_args": {
            "jserver_api": "http://juggler-api.search.yandex.net/api"
        }, 
        "module_name": "juggler_facts"
    }
}

TASK [iam : juggler_check : identity] ******************************************
task path: /Users/gentoonofb/PycharmProjects/salt-formula/juggler/checks_config/roles/iam/tasks/iam.yml:2
[DEPRECATION WARNING]: Using variables for task params is unsafe, especially if the variables come from an external source like facts.
This feature will be removed in a future release. Deprecation warnings can be disabled by setting deprecation_warnings=False in ansible.cfg.
changed: [localhost] => (item={u'service': u'identity'}) => {
    "ansible_facts": {
        "diff": {
            "changes": {
                "flaps_config": {
                    "current": null, 
                    "desired": {
                        "boost": 0, 
                        "critical": 0, 
                        "stable": 0
                    }
                }, 
                "notifications": {
                    "current": [
                        {
                            "description": null, 
                            "template_kwargs": {}, 
                            "template_name": "golem"
                        }
                    ], 
                    "desired": [
                        {
                            "description": null, 
                            "template_kwargs": {
                                "logins": [
                                    "robot-zoidberg"
                                ]
                            }, 
                            "template_name": "phone_escalation"
                        }
                    ]
                }, 
                "tags": {
                    "current": [
                        "yc", 
                        "yc-preprod", 
                        "yc-iam", 
                        "yc-iam", 
                        "a_mark_yc_identity_svm_preprod"
                    ], 
                    "desired": [
                        "yc-iam", 
                        "yc", 
                        "yc-preprod", 
                        "yc-notify", 
                        "a_mark_yc_identity_svm_preprod"
                    ]
                }
            }
        }
    }, 
    "changed": true, 
    "invocation": {
        "module_args": {
            "children": [
                "CGROUP%cloud_preprod_iam"
            ], 
            "flap": {
                "critical": 0, 
                "stable": 0
            }, 
            "host": "yc_identity_svm_preprod", 
            "meta": {}, 
            "namespace": "ycloud", 
            "notifications": [
                {
                    "logins": [
                        "robot-zoidberg"
                    ]
                }
            ], 
            "refresh_time": "120", 
            "service": "identity", 
            "tags": [
                "yc-iam", 
                "yc", 
                "yc-preprod", 
                "yc-notify"
            ], 
            "timed_more_than_limit_is_problem": {
                "limits": [
                    {
                        "crit": "0", 
                        "day_end": 7, 
                        "day_start": 1, 
                        "time_end": 23, 
                        "time_start": 0, 
                        "warn": "0"
                    }
                ]
            }, 
            "ttl": "600"
        }, 
        "module_name": "juggler_check"
    }, 
    "item": {
        "service": "identity"
    }
}

TASK [iam : juggler_check : identity_private] **********************************
task path: /Users/gentoonofb/PycharmProjects/salt-formula/juggler/checks_config/roles/iam/tasks/iam.yml:10
[DEPRECATION WARNING]: Using variables for task params is unsafe, especially if the variables come from an external source like facts.
This feature will be removed in a future release. Deprecation warnings can be disabled by setting deprecation_warnings=False in ansible.cfg.
changed: [localhost] => (item={u'service': u'identity_private'}) => {
    "ansible_facts": {
        "diff": {
            "changes": {
                "flaps_config": {
                    "current": null, 
                    "desired": {
                        "boost": 0, 
                        "critical": 0, 
                        "stable": 0
                    }
                }, 
                "notifications": {
                    "current": [
                        {
                            "description": null, 
                            "template_kwargs": {}, 
                            "template_name": "golem"
                        }
                    ], 
                    "desired": [
                        {
                            "description": null, 
                            "template_kwargs": {
                                "logins": [
                                    "robot-zoidberg"
                                ]
                            }, 
                            "template_name": "phone_escalation"
                        }
                    ]
                }, 
                "tags": {
                    "current": [
                        "yc", 
                        "yc-preprod", 
                        "yc-iam", 
                        "yc-iam", 
                        "a_mark_yc_identity_svm_preprod"
                    ], 
                    "desired": [
                        "yc-iam", 
                        "yc", 
                        "yc-preprod", 
                        "yc-notify", 
                        "a_mark_yc_identity_svm_preprod"
                    ]
                }
            }
        }
    }, 
    "changed": true, 
    "invocation": {
        "module_args": {
            "children": [
                "CGROUP%cloud_preprod_iam"
            ], 
            "flap": {
                "critical": 0, 
                "stable": 0
            }, 
            "host": "yc_identity_svm_preprod", 
            "meta": {}, 
            "namespace": "ycloud", 
            "notifications": [
                {
                    "logins": [
                        "robot-zoidberg"
                    ]
                }
            ], 
            "refresh_time": "120", 
            "service": "identity_private", 
            "tags": [
                "yc-iam", 
                "yc", 
                "yc-preprod", 
                "yc-notify"
            ], 
            "timed_more_than_limit_is_problem": {
                "limits": [
                    {
                        "crit": "0", 
                        "day_end": 7, 
                        "day_start": 1, 
                        "time_end": 23, 
                        "time_start": 0, 
                        "warn": "0"
                    }
                ]
            }, 
            "ttl": "600"
        }, 
        "module_name": "juggler_check"
    }, 
    "item": {
        "service": "identity_private"
    }
}

PLAY RECAP *********************************************************************
localhost                  : ok=3    changed=2    unreachable=0    failed=0   

