Using /Users/gentoonofb/PycharmProjects/salt-formula/juggler/checks_config/ansible.cfg as config file
 [WARNING]: provided hosts list is empty, only localhost is available
statically included: /Users/gentoonofb/PycharmProjects/salt-formula/juggler/checks_config/tasks/common.yml
statically included: /Users/gentoonofb/PycharmProjects/salt-formula/juggler/checks_config/roles/head/tasks/push-client.yml
statically included: /Users/gentoonofb/PycharmProjects/salt-formula/juggler/checks_config/roles/head/tasks/compute.yml
statically included: /Users/gentoonofb/PycharmProjects/salt-formula/juggler/checks_config/roles/snapshot/tasks/snapshot.yml
statically included: /Users/gentoonofb/PycharmProjects/salt-formula/juggler/checks_config/tasks/common.yml
[DEPRECATION WARNING]: Specifying include variables at the top-level of the task is deprecated. Please see:
http://docs.ansible.com/ansible/playbooks_roles.html#task-include-files-and-encouraging-reuse

 for currently supported syntax regarding included files and variables.
This feature will be removed in a 
future release. Deprecation warnings can be disabled by setting deprecation_warnings=False in ansible.cfg.
statically included: /Users/gentoonofb/PycharmProjects/salt-formula/juggler/checks_config/tasks/common.yml
statically included: /Users/gentoonofb/PycharmProjects/salt-formula/juggler/checks_config/tasks/common_hardware.yml
statically included: /Users/gentoonofb/PycharmProjects/salt-formula/juggler/checks_config/tasks/common.yml
statically included: /Users/gentoonofb/PycharmProjects/salt-formula/juggler/checks_config/tasks/nbs.yml
statically included: /Users/gentoonofb/PycharmProjects/salt-formula/juggler/checks_config/tasks/common_hardware.yml
statically included: /Users/gentoonofb/PycharmProjects/salt-formula/juggler/checks_config/roles/compute/tasks/kikimr.yml
statically included: /Users/gentoonofb/PycharmProjects/salt-formula/juggler/checks_config/roles/compute/tasks/kikimr_storage.yml
statically included: /Users/gentoonofb/PycharmProjects/salt-formula/juggler/checks_config/roles/compute/tasks/push-client.yml
statically included: /Users/gentoonofb/PycharmProjects/salt-formula/juggler/checks_config/roles/compute/tasks/compute-node.yml
statically included: /Users/gentoonofb/PycharmProjects/salt-formula/juggler/checks_config/roles/compute/tasks/serialproxy.yml
statically included: /Users/gentoonofb/PycharmProjects/salt-formula/juggler/checks_config/roles/compute/tasks/network.yml
statically included: /Users/gentoonofb/PycharmProjects/salt-formula/juggler/checks_config/roles/compute/tasks/staging-network.yml
statically included: /Users/gentoonofb/PycharmProjects/salt-formula/juggler/checks_config/tasks/common.yml
statically included: /Users/gentoonofb/PycharmProjects/salt-formula/juggler/checks_config/roles/serialssh/tasks/serialssh.yml
statically included: /Users/gentoonofb/PycharmProjects/salt-formula/juggler/checks_config/roles/oct_head/tasks/network.yml
statically included: /Users/gentoonofb/PycharmProjects/salt-formula/juggler/checks_config/tasks/common.yml
statically included: /Users/gentoonofb/PycharmProjects/salt-formula/juggler/checks_config/roles/oct_head/tasks/staging.yml
statically included: /Users/gentoonofb/PycharmProjects/salt-formula/juggler/checks_config/tasks/common.yml
statically included: /Users/gentoonofb/PycharmProjects/salt-formula/juggler/checks_config/roles/cloudgate/tasks/cloudgate.yml
statically included: /Users/gentoonofb/PycharmProjects/salt-formula/juggler/checks_config/roles/cloudgate/tasks/staging.yml
statically included: /Users/gentoonofb/PycharmProjects/salt-formula/juggler/checks_config/roles/billing/tasks/billing.yml
statically included: /Users/gentoonofb/PycharmProjects/salt-formula/juggler/checks_config/tasks/common.yml
statically included: /Users/gentoonofb/PycharmProjects/salt-formula/juggler/checks_config/roles/lb_slb-adapter/tasks/adapter.yml
statically included: /Users/gentoonofb/PycharmProjects/salt-formula/juggler/checks_config/roles/iam/tasks/iam.yml
statically included: /Users/gentoonofb/PycharmProjects/salt-formula/juggler/checks_config/tasks/common.yml
statically included: /Users/gentoonofb/PycharmProjects/salt-formula/juggler/checks_config/tasks/api_push_client.yml
statically included: /Users/gentoonofb/PycharmProjects/salt-formula/juggler/checks_config/roles/api-adapter/tasks/api-adapter.yml
statically included: /Users/gentoonofb/PycharmProjects/salt-formula/juggler/checks_config/roles/bootstrap/tasks/bootstrap.yml
statically included: /Users/gentoonofb/PycharmProjects/salt-formula/juggler/checks_config/tasks/common.yml
statically included: /Users/gentoonofb/PycharmProjects/salt-formula/juggler/checks_config/roles/cores/tasks/cores.yml
Loading callback plugin default of type stdout, v2.0 from /Users/gentoonofb/.local/share/virtualenvs/ansible-juggler/lib/python2.7/site-packages/ansible/plugins/callback/__init__.pyc

PLAYBOOK: yc_checks_config_preprod.yml *****************************************
1 plays in yc_checks_config_preprod.yml

PLAY [localhost] ***************************************************************

TASK [juggler_facts] ***********************************************************
task path: /Users/gentoonofb/PycharmProjects/salt-formula/juggler/checks_config/yc_checks_config_preprod.yml:5
WARNING:root:Specifying path in api_url is deprecated
ok: [localhost] => {
    "ansible_facts": {}, 
    "changed": false, 
    "invocation": {
        "module_args": {
            "jserver_api": "http://juggler-api.search.yandex.net/api"
        }, 
        "module_name": "juggler_facts"
    }
}

TASK [lb_slb-adapter : juggler_check : UNREACHABLE] ****************************
task path: /Users/gentoonofb/PycharmProjects/salt-formula/juggler/checks_config/tasks/common.yml:1
[DEPRECATION WARNING]: Using variables for task params is unsafe, especially if the variables come from an external source like facts.
This feature will be removed in a future release. Deprecation warnings can be disabled by setting deprecation_warnings=False in ansible.cfg.
changed: [localhost] => (item={u'active': u'icmpping', u'service': u'UNREACHABLE'}) => {
    "ansible_facts": {
        "diff": {
            "changes": {
                "flaps_config": {
                    "current": null, 
                    "desired": {
                        "boost": 0, 
                        "critical": 0, 
                        "stable": 0
                    }
                }, 
                "notifications": {
                    "current": [
                        {
                            "description": null, 
                            "template_kwargs": {}, 
                            "template_name": "golem"
                        }
                    ], 
                    "desired": [
                        {
                            "description": null, 
                            "template_kwargs": {
                                "logins": [
                                    "robot-zoidberg"
                                ]
                            }, 
                            "template_name": "phone_escalation"
                        }
                    ]
                }, 
                "tags": {
                    "current": [
                        "yc", 
                        "yc-preprod", 
                        "yc-slb-adapter", 
                        "yc-common", 
                        "yc-preprod-common", 
                        "a_mark_yc_loadbalancer_slb-adapter_preprod"
                    ], 
                    "desired": [
                        "yc-slb-adapter", 
                        "yc", 
                        "yc-preprod", 
                        "yc-notify", 
                        "yc-common", 
                        "yc-preprod-common", 
                        "a_mark_yc_loadbalancer_slb-adapter_preprod"
                    ]
                }
            }
        }
    }, 
    "changed": true, 
    "invocation": {
        "module_args": {
            "active": "icmpping", 
            "children": [
                "CGROUP%cloud_preprod_slb-adapter"
            ], 
            "flap": {
                "critical": 0, 
                "stable": 0
            }, 
            "host": "yc_loadbalancer_slb-adapter_preprod", 
            "meta": {}, 
            "namespace": "ycloud", 
            "notifications": [
                {
                    "logins": [
                        "robot-zoidberg"
                    ]
                }
            ], 
            "refresh_time": "120", 
            "service": "UNREACHABLE", 
            "tags": [
                "yc-slb-adapter", 
                "yc", 
                "yc-preprod", 
                "yc-notify", 
                "yc-common", 
                "yc-preprod-common"
            ], 
            "timed_more_than_limit_is_problem": {
                "limits": [
                    {
                        "crit": "0", 
                        "day_end": 7, 
                        "day_start": 1, 
                        "time_end": 23, 
                        "time_start": 0, 
                        "warn": "0"
                    }
                ]
            }, 
            "ttl": "600"
        }, 
        "module_name": "juggler_check"
    }, 
    "item": {
        "active": "icmpping", 
        "service": "UNREACHABLE"
    }
}

TASK [lb_slb-adapter : juggler_check : META] ***********************************
task path: /Users/gentoonofb/PycharmProjects/salt-formula/juggler/checks_config/tasks/common.yml:8
[DEPRECATION WARNING]: Using variables for task params is unsafe, especially if the variables come from an external source like facts.
This feature will be removed in a future release. Deprecation warnings can be disabled by setting deprecation_warnings=False in ansible.cfg.
changed: [localhost] => (item={u'service': u'META'}) => {
    "ansible_facts": {
        "diff": {
            "changes": {
                "flaps_config": {
                    "current": null, 
                    "desired": {
                        "boost": 0, 
                        "critical": 0, 
                        "stable": 0
                    }
                }, 
                "notifications": {
                    "current": [
                        {
                            "description": null, 
                            "template_kwargs": {}, 
                            "template_name": "golem"
                        }
                    ], 
                    "desired": [
                        {
                            "description": null, 
                            "template_kwargs": {
                                "logins": [
                                    "robot-zoidberg"
                                ]
                            }, 
                            "template_name": "phone_escalation"
                        }
                    ]
                }, 
                "tags": {
                    "current": [
                        "yc", 
                        "yc-preprod", 
                        "yc-slb-adapter", 
                        "yc-common", 
                        "yc-preprod-common", 
                        "a_mark_yc_loadbalancer_slb-adapter_preprod"
                    ], 
                    "desired": [
                        "yc-slb-adapter", 
                        "yc", 
                        "yc-preprod", 
                        "yc-notify", 
                        "yc-common", 
                        "yc-preprod-common", 
                        "a_mark_yc_loadbalancer_slb-adapter_preprod"
                    ]
                }
            }
        }
    }, 
    "changed": true, 
    "invocation": {
        "module_args": {
            "children": [
                "CGROUP%cloud_preprod_slb-adapter"
            ], 
            "flap": {
                "critical": 0, 
                "stable": 0
            }, 
            "host": "yc_loadbalancer_slb-adapter_preprod", 
            "meta": {}, 
            "namespace": "ycloud", 
            "notifications": [
                {
                    "logins": [
                        "robot-zoidberg"
                    ]
                }
            ], 
            "refresh_time": "120", 
            "service": "META", 
            "tags": [
                "yc-slb-adapter", 
                "yc", 
                "yc-preprod", 
                "yc-notify", 
                "yc-common", 
                "yc-preprod-common"
            ], 
            "timed_more_than_limit_is_problem": {
                "limits": [
                    {
                        "crit": "0", 
                        "day_end": 7, 
                        "day_start": 1, 
                        "time_end": 23, 
                        "time_start": 0, 
                        "warn": "0"
                    }
                ]
            }, 
            "ttl": "600"
        }, 
        "module_name": "juggler_check"
    }, 
    "item": {
        "service": "META"
    }
}

TASK [lb_slb-adapter : juggler_check : dns] ************************************
task path: /Users/gentoonofb/PycharmProjects/salt-formula/juggler/checks_config/tasks/common.yml:14
[DEPRECATION WARNING]: Using variables for task params is unsafe, especially if the variables come from an external source like facts.
This feature will be removed in a future release. Deprecation warnings can be disabled by setting deprecation_warnings=False in ansible.cfg.
changed: [localhost] => (item={u'active': u'icmpping', u'service': u'dns'}) => {
    "ansible_facts": {
        "diff": {
            "changes": {
                "flaps_config": {
                    "current": null, 
                    "desired": {
                        "boost": 0, 
                        "critical": 0, 
                        "stable": 0
                    }
                }, 
                "notifications": {
                    "current": [
                        {
                            "description": null, 
                            "template_kwargs": {}, 
                            "template_name": "golem"
                        }
                    ], 
                    "desired": [
                        {
                            "description": null, 
                            "template_kwargs": {
                                "logins": [
                                    "robot-zoidberg"
                                ]
                            }, 
                            "template_name": "phone_escalation"
                        }
                    ]
                }, 
                "tags": {
                    "current": [
                        "yc", 
                        "yc-preprod", 
                        "yc-slb-adapter", 
                        "yc-common", 
                        "yc-preprod-common", 
                        "a_mark_yc_loadbalancer_slb-adapter_preprod"
                    ], 
                    "desired": [
                        "yc-slb-adapter", 
                        "yc", 
                        "yc-preprod", 
                        "yc-notify", 
                        "yc-common", 
                        "yc-preprod-common", 
                        "a_mark_yc_loadbalancer_slb-adapter_preprod"
                    ]
                }
            }
        }
    }, 
    "changed": true, 
    "invocation": {
        "module_args": {
            "active": "icmpping", 
            "children": [
                "CGROUP%cloud_preprod_slb-adapter"
            ], 
            "flap": {
                "critical": 0, 
                "stable": 0
            }, 
            "host": "yc_loadbalancer_slb-adapter_preprod", 
            "meta": {}, 
            "namespace": "ycloud", 
            "notifications": [
                {
                    "logins": [
                        "robot-zoidberg"
                    ]
                }
            ], 
            "refresh_time": "120", 
            "service": "dns", 
            "tags": [
                "yc-slb-adapter", 
                "yc", 
                "yc-preprod", 
                "yc-notify", 
                "yc-common", 
                "yc-preprod-common"
            ], 
            "timed_more_than_limit_is_problem": {
                "limits": [
                    {
                        "crit": "0", 
                        "day_end": 7, 
                        "day_start": 1, 
                        "time_end": 23, 
                        "time_start": 0, 
                        "warn": "0"
                    }
                ], 
                "unreach_mode": "skip", 
                "unreach_service": [
                    {
                        "check": "yc_loadbalancer_slb-adapter_preprod:UNREACHABLE"
                    }, 
                    {
                        "check": "yc_loadbalancer_slb-adapter_preprod:META"
                    }
                ]
            }, 
            "ttl": "600"
        }, 
        "module_name": "juggler_check"
    }, 
    "item": {
        "active": "icmpping", 
        "service": "dns"
    }
}

TASK [lb_slb-adapter : juggler_check : ntp_stratum] ****************************
task path: /Users/gentoonofb/PycharmProjects/salt-formula/juggler/checks_config/tasks/common.yml:21
[DEPRECATION WARNING]: Using variables for task params is unsafe, especially if the variables come from an external source like facts.
This feature will be removed in a future release. Deprecation warnings can be disabled by setting deprecation_warnings=False in ansible.cfg.
changed: [localhost] => (item={u'service': u'ntp_stratum'}) => {
    "ansible_facts": {
        "diff": {
            "changes": {
                "flaps_config": {
                    "current": null, 
                    "desired": {
                        "boost": 0, 
                        "critical": 0, 
                        "stable": 0
                    }
                }, 
                "notifications": {
                    "current": [
                        {
                            "description": null, 
                            "template_kwargs": {}, 
                            "template_name": "golem"
                        }
                    ], 
                    "desired": [
                        {
                            "description": null, 
                            "template_kwargs": {
                                "logins": [
                                    "robot-zoidberg"
                                ]
                            }, 
                            "template_name": "phone_escalation"
                        }
                    ]
                }, 
                "tags": {
                    "current": [
                        "yc", 
                        "yc-preprod", 
                        "yc-slb-adapter", 
                        "yc-common", 
                        "yc-preprod-common", 
                        "a_mark_yc_loadbalancer_slb-adapter_preprod"
                    ], 
                    "desired": [
                        "yc-slb-adapter", 
                        "yc", 
                        "yc-preprod", 
                        "yc-notify", 
                        "yc-common", 
                        "yc-preprod-common", 
                        "a_mark_yc_loadbalancer_slb-adapter_preprod"
                    ]
                }
            }
        }
    }, 
    "changed": true, 
    "invocation": {
        "module_args": {
            "children": [
                "CGROUP%cloud_preprod_slb-adapter"
            ], 
            "flap": {
                "critical": 0, 
                "stable": 0
            }, 
            "host": "yc_loadbalancer_slb-adapter_preprod", 
            "meta": {}, 
            "namespace": "ycloud", 
            "notifications": [
                {
                    "logins": [
                        "robot-zoidberg"
                    ]
                }
            ], 
            "refresh_time": "120", 
            "service": "ntp_stratum", 
            "tags": [
                "yc-slb-adapter", 
                "yc", 
                "yc-preprod", 
                "yc-notify", 
                "yc-common", 
                "yc-preprod-common"
            ], 
            "timed_more_than_limit_is_problem": {
                "limits": [
                    {
                        "crit": "0", 
                        "day_end": 7, 
                        "day_start": 1, 
                        "time_end": 23, 
                        "time_start": 0, 
                        "warn": "0"
                    }
                ], 
                "unreach_mode": "skip", 
                "unreach_service": [
                    {
                        "check": "yc_loadbalancer_slb-adapter_preprod:UNREACHABLE"
                    }, 
                    {
                        "check": "yc_loadbalancer_slb-adapter_preprod:META"
                    }
                ]
            }, 
            "ttl": "600"
        }, 
        "module_name": "juggler_check"
    }, 
    "item": {
        "service": "ntp_stratum"
    }
}

TASK [lb_slb-adapter : juggler_check : oom-killer] *****************************
task path: /Users/gentoonofb/PycharmProjects/salt-formula/juggler/checks_config/tasks/common.yml:27
[DEPRECATION WARNING]: Using variables for task params is unsafe, especially if the variables come from an external source like facts.
This feature will be removed in a future release. Deprecation warnings can be disabled by setting deprecation_warnings=False in ansible.cfg.
changed: [localhost] => (item={u'refresh_time': 900, u'service': u'oom-killer'}) => {
    "ansible_facts": {
        "diff": {
            "changes": {
                "flaps_config": {
                    "current": null, 
                    "desired": {
                        "boost": 0, 
                        "critical": 0, 
                        "stable": 0
                    }
                }, 
                "notifications": {
                    "current": [
                        {
                            "description": null, 
                            "template_kwargs": {
                                "delay": 60, 
                                "login": [
                                    "YcBillingDutyPreprod"
                                ], 
                                "method": [
                                    "telegram"
                                ], 
                                "status": [
                                    "OK", 
                                    "WARN", 
                                    "CRIT"
                                ]
                            }, 
                            "template_name": "on_status_change"
                        }
                    ], 
                    "desired": []
                }
            }
        }
    }, 
    "changed": true, 
    "invocation": {
        "module_args": {
            "children": [
                "CGROUP%cloud_preprod_slb-adapter"
            ], 
            "flap": {
                "critical": 0, 
                "stable": 0
            }, 
            "host": "yc_loadbalancer_slb-adapter_preprod", 
            "meta": {}, 
            "namespace": "ycloud", 
            "notifications": [], 
            "refresh_time": 900, 
            "service": "oom-killer", 
            "tags": [
                "yc-slb-adapter", 
                "yc", 
                "yc-preprod", 
                "yc-common", 
                "yc-preprod-common"
            ], 
            "timed_more_than_limit_is_problem": {
                "limits": [
                    {
                        "crit": "0", 
                        "day_end": 7, 
                        "day_start": 1, 
                        "time_end": 23, 
                        "time_start": 0, 
                        "warn": "0"
                    }
                ], 
                "unreach_mode": "skip", 
                "unreach_service": [
                    {
                        "check": "yc_loadbalancer_slb-adapter_preprod:UNREACHABLE"
                    }, 
                    {
                        "check": "yc_loadbalancer_slb-adapter_preprod:META"
                    }
                ]
            }, 
            "ttl": "600"
        }, 
        "module_name": "juggler_check"
    }, 
    "item": {
        "refresh_time": 900, 
        "service": "oom-killer"
    }
}

TASK [lb_slb-adapter : juggler_check : ssh] ************************************
task path: /Users/gentoonofb/PycharmProjects/salt-formula/juggler/checks_config/tasks/common.yml:37
[DEPRECATION WARNING]: Using variables for task params is unsafe, especially if the variables come from an external source like facts.
This feature will be removed in a future release. Deprecation warnings can be disabled by setting deprecation_warnings=False in ansible.cfg.
changed: [localhost] => (item={u'ssh': {u'timeout': 10}, u'service': u'ssh', u'flap': True}) => {
    "ansible_facts": {
        "diff": {
            "changes": {
                "notifications": {
                    "current": [
                        {
                            "description": null, 
                            "template_kwargs": {}, 
                            "template_name": "golem"
                        }
                    ], 
                    "desired": [
                        {
                            "description": null, 
                            "template_kwargs": {
                                "logins": [
                                    "robot-zoidberg"
                                ]
                            }, 
                            "template_name": "phone_escalation"
                        }
                    ]
                }, 
                "tags": {
                    "current": [
                        "yc", 
                        "yc-preprod", 
                        "yc-slb-adapter", 
                        "yc-common", 
                        "yc-preprod-common", 
                        "a_mark_yc_loadbalancer_slb-adapter_preprod"
                    ], 
                    "desired": [
                        "yc-slb-adapter", 
                        "yc", 
                        "yc-preprod", 
                        "yc-notify", 
                        "yc-common", 
                        "yc-preprod-common", 
                        "a_mark_yc_loadbalancer_slb-adapter_preprod"
                    ]
                }
            }
        }
    }, 
    "changed": true, 
    "invocation": {
        "module_args": {
            "children": [
                "CGROUP%cloud_preprod_slb-adapter"
            ], 
            "flap": true, 
            "host": "yc_loadbalancer_slb-adapter_preprod", 
            "meta": {}, 
            "namespace": "ycloud", 
            "notifications": [
                {
                    "logins": [
                        "robot-zoidberg"
                    ]
                }
            ], 
            "refresh_time": "120", 
            "service": "ssh", 
            "ssh": {
                "timeout": 10
            }, 
            "tags": [
                "yc-slb-adapter", 
                "yc", 
                "yc-preprod", 
                "yc-notify", 
                "yc-common", 
                "yc-preprod-common"
            ], 
            "timed_more_than_limit_is_problem": {
                "limits": [
                    {
                        "crit": "0", 
                        "day_end": 7, 
                        "day_start": 1, 
                        "time_end": 23, 
                        "time_start": 0, 
                        "warn": "0"
                    }
                ], 
                "unreach_mode": "skip", 
                "unreach_service": [
                    {
                        "check": "yc_loadbalancer_slb-adapter_preprod:UNREACHABLE"
                    }, 
                    {
                        "check": "yc_loadbalancer_slb-adapter_preprod:META"
                    }
                ]
            }, 
            "ttl": "600"
        }, 
        "module_name": "juggler_check"
    }, 
    "item": {
        "flap": true, 
        "service": "ssh", 
        "ssh": {
            "timeout": 10
        }
    }
}

TASK [lb_slb-adapter : juggler_check : freespace] ******************************
task path: /Users/gentoonofb/PycharmProjects/salt-formula/juggler/checks_config/tasks/common.yml:45
[DEPRECATION WARNING]: Using variables for task params is unsafe, especially if the variables come from an external source like facts.
This feature will be removed in a future release. Deprecation warnings can be disabled by setting deprecation_warnings=False in ansible.cfg.
changed: [localhost] => (item={u'service': u'freespace'}) => {
    "ansible_facts": {
        "diff": {
            "changes": {
                "flaps_config": {
                    "current": null, 
                    "desired": {
                        "boost": 0, 
                        "critical": 0, 
                        "stable": 0
                    }
                }, 
                "notifications": {
                    "current": [
                        {
                            "description": null, 
                            "template_kwargs": {}, 
                            "template_name": "golem"
                        }
                    ], 
                    "desired": [
                        {
                            "description": null, 
                            "template_kwargs": {
                                "logins": [
                                    "robot-zoidberg"
                                ]
                            }, 
                            "template_name": "phone_escalation"
                        }
                    ]
                }, 
                "tags": {
                    "current": [
                        "yc", 
                        "yc-preprod", 
                        "yc-slb-adapter", 
                        "yc-common", 
                        "yc-preprod-common", 
                        "a_mark_yc_loadbalancer_slb-adapter_preprod"
                    ], 
                    "desired": [
                        "yc-slb-adapter", 
                        "yc", 
                        "yc-preprod", 
                        "yc-notify", 
                        "yc-common", 
                        "yc-preprod-common", 
                        "a_mark_yc_loadbalancer_slb-adapter_preprod"
                    ]
                }
            }
        }
    }, 
    "changed": true, 
    "invocation": {
        "module_args": {
            "children": [
                "CGROUP%cloud_preprod_slb-adapter"
            ], 
            "flap": {
                "critical": 0, 
                "stable": 0
            }, 
            "host": "yc_loadbalancer_slb-adapter_preprod", 
            "meta": {}, 
            "namespace": "ycloud", 
            "notifications": [
                {
                    "logins": [
                        "robot-zoidberg"
                    ]
                }
            ], 
            "refresh_time": "120", 
            "service": "freespace", 
            "tags": [
                "yc-slb-adapter", 
                "yc", 
                "yc-preprod", 
                "yc-notify", 
                "yc-common", 
                "yc-preprod-common"
            ], 
            "timed_more_than_limit_is_problem": {
                "limits": [
                    {
                        "crit": "0", 
                        "day_end": 7, 
                        "day_start": 1, 
                        "time_end": 23, 
                        "time_start": 0, 
                        "warn": "0"
                    }
                ], 
                "unreach_mode": "skip", 
                "unreach_service": [
                    {
                        "check": "yc_loadbalancer_slb-adapter_preprod:UNREACHABLE"
                    }, 
                    {
                        "check": "yc_loadbalancer_slb-adapter_preprod:META"
                    }
                ]
            }, 
            "ttl": "600"
        }, 
        "module_name": "juggler_check"
    }, 
    "item": {
        "service": "freespace"
    }
}

TASK [lb_slb-adapter : juggler_check : reboot-count] ***************************
task path: /Users/gentoonofb/PycharmProjects/salt-formula/juggler/checks_config/tasks/common.yml:51
[DEPRECATION WARNING]: Using variables for task params is unsafe, especially if the variables come from an external source like facts.
This feature will be removed in a future release. Deprecation warnings can be disabled by setting deprecation_warnings=False in ansible.cfg.
changed: [localhost] => (item={u'service': u'reboot-count'}) => {
    "ansible_facts": {
        "diff": {
            "changes": {
                "flaps_config": {
                    "current": null, 
                    "desired": {
                        "boost": 0, 
                        "critical": 0, 
                        "stable": 0
                    }
                }, 
                "notifications": {
                    "current": [
                        {
                            "description": null, 
                            "template_kwargs": {
                                "delay": 60, 
                                "login": [
                                    "YcBillingDutyPreprod"
                                ], 
                                "method": [
                                    "telegram"
                                ], 
                                "status": [
                                    "OK", 
                                    "WARN", 
                                    "CRIT"
                                ]
                            }, 
                            "template_name": "on_status_change"
                        }
                    ], 
                    "desired": []
                }
            }
        }
    }, 
    "changed": true, 
    "invocation": {
        "module_args": {
            "children": [
                "CGROUP%cloud_preprod_slb-adapter"
            ], 
            "flap": {
                "critical": 0, 
                "stable": 0
            }, 
            "host": "yc_loadbalancer_slb-adapter_preprod", 
            "meta": {}, 
            "namespace": "ycloud", 
            "notifications": [], 
            "refresh_time": "120", 
            "service": "reboot-count", 
            "tags": [
                "yc-slb-adapter", 
                "yc", 
                "yc-preprod", 
                "yc-common", 
                "yc-preprod-common"
            ], 
            "timed_more_than_limit_is_problem": {
                "limits": [
                    {
                        "crit": "0", 
                        "day_end": 7, 
                        "day_start": 1, 
                        "time_end": 23, 
                        "time_start": 0, 
                        "warn": "0"
                    }
                ], 
                "unreach_mode": "skip", 
                "unreach_service": [
                    {
                        "check": "yc_loadbalancer_slb-adapter_preprod:UNREACHABLE"
                    }, 
                    {
                        "check": "yc_loadbalancer_slb-adapter_preprod:META"
                    }
                ]
            }, 
            "ttl": "600"
        }, 
        "module_name": "juggler_check"
    }, 
    "item": {
        "service": "reboot-count"
    }
}

TASK [lb_slb-adapter : juggler_check : salt-minion_version] ********************
task path: /Users/gentoonofb/PycharmProjects/salt-formula/juggler/checks_config/tasks/common.yml:60
[DEPRECATION WARNING]: Using variables for task params is unsafe, especially if the variables come from an external source like facts.
This feature will be removed in a future release. Deprecation warnings can be disabled by setting deprecation_warnings=False in ansible.cfg.
changed: [localhost] => (item={u'service': u'salt-minion_version'}) => {
    "ansible_facts": {
        "diff": {
            "changes": {
                "flaps_config": {
                    "current": null, 
                    "desired": {
                        "boost": 0, 
                        "critical": 0, 
                        "stable": 0
                    }
                }, 
                "notifications": {
                    "current": [
                        {
                            "description": null, 
                            "template_kwargs": {
                                "delay": 60, 
                                "login": [
                                    "YcBillingDutyPreprod"
                                ], 
                                "method": [
                                    "telegram"
                                ], 
                                "status": [
                                    "OK", 
                                    "WARN", 
                                    "CRIT"
                                ]
                            }, 
                            "template_name": "on_status_change"
                        }
                    ], 
                    "desired": []
                }
            }
        }
    }, 
    "changed": true, 
    "invocation": {
        "module_args": {
            "children": [
                "CGROUP%cloud_preprod_slb-adapter"
            ], 
            "flap": {
                "critical": 0, 
                "stable": 0
            }, 
            "host": "yc_loadbalancer_slb-adapter_preprod", 
            "meta": {}, 
            "namespace": "ycloud", 
            "notifications": [], 
            "refresh_time": "120", 
            "service": "salt-minion_version", 
            "tags": [
                "yc-slb-adapter", 
                "yc", 
                "yc-preprod", 
                "yc-common", 
                "yc-preprod-common"
            ], 
            "timed_more_than_limit_is_problem": {
                "limits": [
                    {
                        "crit": "0", 
                        "day_end": 7, 
                        "day_start": 1, 
                        "time_end": 23, 
                        "time_start": 0, 
                        "warn": "0"
                    }
                ], 
                "unreach_mode": "skip", 
                "unreach_service": [
                    {
                        "check": "yc_loadbalancer_slb-adapter_preprod:UNREACHABLE"
                    }, 
                    {
                        "check": "yc_loadbalancer_slb-adapter_preprod:META"
                    }
                ]
            }, 
            "ttl": "600"
        }, 
        "module_name": "juggler_check"
    }, 
    "item": {
        "service": "salt-minion_version"
    }
}

TASK [lb_slb-adapter : juggler_check : coredump_common] ************************
task path: /Users/gentoonofb/PycharmProjects/salt-formula/juggler/checks_config/tasks/common.yml:69
[DEPRECATION WARNING]: Using variables for task params is unsafe, especially if the variables come from an external source like facts.
This feature will be removed in a future release. Deprecation warnings can be disabled by setting deprecation_warnings=False in ansible.cfg.
changed: [localhost] => (item={u'service': u'coredump_common'}) => {
    "ansible_facts": {
        "diff": {
            "changes": {
                "flaps_config": {
                    "current": null, 
                    "desired": {
                        "boost": 0, 
                        "critical": 0, 
                        "stable": 0
                    }
                }, 
                "notifications": {
                    "current": [
                        {
                            "description": null, 
                            "template_kwargs": {}, 
                            "template_name": "golem"
                        }
                    ], 
                    "desired": [
                        {
                            "description": null, 
                            "template_kwargs": {
                                "logins": [
                                    "robot-zoidberg"
                                ]
                            }, 
                            "template_name": "phone_escalation"
                        }
                    ]
                }, 
                "tags": {
                    "current": [
                        "yc", 
                        "yc-preprod", 
                        "yc-slb-adapter", 
                        "yc-common", 
                        "yc-preprod-common", 
                        "a_mark_yc_loadbalancer_slb-adapter_preprod"
                    ], 
                    "desired": [
                        "yc-slb-adapter", 
                        "yc", 
                        "yc-preprod", 
                        "yc-notify", 
                        "yc-common", 
                        "yc-preprod-common", 
                        "a_mark_yc_loadbalancer_slb-adapter_preprod"
                    ]
                }
            }
        }
    }, 
    "changed": true, 
    "invocation": {
        "module_args": {
            "children": [
                "CGROUP%cloud_preprod_slb-adapter"
            ], 
            "flap": {
                "critical": 0, 
                "stable": 0
            }, 
            "host": "yc_loadbalancer_slb-adapter_preprod", 
            "meta": {}, 
            "namespace": "ycloud", 
            "notifications": [
                {
                    "logins": [
                        "robot-zoidberg"
                    ]
                }
            ], 
            "refresh_time": "120", 
            "service": "coredump_common", 
            "tags": [
                "yc-slb-adapter", 
                "yc", 
                "yc-preprod", 
                "yc-notify", 
                "yc-common", 
                "yc-preprod-common"
            ], 
            "timed_more_than_limit_is_problem": {
                "limits": [
                    {
                        "crit": "0", 
                        "day_end": 7, 
                        "day_start": 1, 
                        "time_end": 23, 
                        "time_start": 0, 
                        "warn": "0"
                    }
                ], 
                "unreach_mode": "skip", 
                "unreach_service": [
                    {
                        "check": "yc_loadbalancer_slb-adapter_preprod:UNREACHABLE"
                    }, 
                    {
                        "check": "yc_loadbalancer_slb-adapter_preprod:META"
                    }
                ]
            }, 
            "ttl": "600"
        }, 
        "module_name": "juggler_check"
    }, 
    "item": {
        "service": "coredump_common"
    }
}

TASK [lb_slb-adapter : juggler_check : solomon-agent] **************************
task path: /Users/gentoonofb/PycharmProjects/salt-formula/juggler/checks_config/tasks/common.yml:77
[DEPRECATION WARNING]: Using variables for task params is unsafe, especially if the variables come from an external source like facts.
This feature will be removed in a future release. Deprecation warnings can be disabled by setting deprecation_warnings=False in ansible.cfg.
changed: [localhost] => (item={u'service': u'solomon-agent'}) => {
    "ansible_facts": {
        "diff": {
            "changes": {
                "flaps_config": {
                    "current": null, 
                    "desired": {
                        "boost": 0, 
                        "critical": 0, 
                        "stable": 0
                    }
                }
            }
        }
    }, 
    "changed": true, 
    "invocation": {
        "module_args": {
            "children": [
                "CGROUP%cloud_preprod_slb-adapter"
            ], 
            "flap": {
                "critical": 0, 
                "stable": 0
            }, 
            "host": "yc_loadbalancer_slb-adapter_preprod", 
            "meta": {}, 
            "namespace": "ycloud", 
            "notifications": [], 
            "refresh_time": "120", 
            "service": "solomon-agent", 
            "tags": [
                "yc-slb-adapter", 
                "yc", 
                "yc-preprod", 
                "yc-common", 
                "yc-preprod-common"
            ], 
            "timed_more_than_limit_is_problem": {
                "limits": [
                    {
                        "crit": "0", 
                        "day_end": 7, 
                        "day_start": 1, 
                        "time_end": 23, 
                        "time_start": 0, 
                        "warn": "0"
                    }
                ], 
                "unreach_mode": "skip", 
                "unreach_service": [
                    {
                        "check": "yc_loadbalancer_slb-adapter_preprod:UNREACHABLE"
                    }, 
                    {
                        "check": "yc_loadbalancer_slb-adapter_preprod:META"
                    }
                ]
            }, 
            "ttl": "600"
        }, 
        "module_name": "juggler_check"
    }, 
    "item": {
        "service": "solomon-agent"
    }
}

TASK [lb_slb-adapter : juggler_check : walle_fs_check] *************************
task path: /Users/gentoonofb/PycharmProjects/salt-formula/juggler/checks_config/tasks/common.yml:86
[DEPRECATION WARNING]: Using variables for task params is unsafe, especially if the variables come from an external source like facts.
This feature will be removed in a future release. Deprecation warnings can be disabled by setting deprecation_warnings=False in ansible.cfg.
changed: [localhost] => (item={u'service': u'walle_fs_check'}) => {
    "ansible_facts": {
        "diff": {
            "changes": {
                "flaps_config": {
                    "current": null, 
                    "desired": {
                        "boost": 0, 
                        "critical": 0, 
                        "stable": 0
                    }
                }, 
                "notifications": {
                    "current": [
                        {
                            "description": null, 
                            "template_kwargs": {}, 
                            "template_name": "golem"
                        }
                    ], 
                    "desired": [
                        {
                            "description": null, 
                            "template_kwargs": {
                                "logins": [
                                    "robot-zoidberg"
                                ]
                            }, 
                            "template_name": "phone_escalation"
                        }
                    ]
                }, 
                "tags": {
                    "current": [
                        "yc", 
                        "yc-preprod", 
                        "yc-slb-adapter", 
                        "yc-common", 
                        "yc-preprod-common", 
                        "a_mark_yc_loadbalancer_slb-adapter_preprod"
                    ], 
                    "desired": [
                        "yc-slb-adapter", 
                        "yc", 
                        "yc-preprod", 
                        "yc-notify", 
                        "yc-common", 
                        "yc-preprod-common", 
                        "a_mark_yc_loadbalancer_slb-adapter_preprod"
                    ]
                }
            }
        }
    }, 
    "changed": true, 
    "invocation": {
        "module_args": {
            "children": [
                "CGROUP%cloud_preprod_slb-adapter"
            ], 
            "flap": {
                "critical": 0, 
                "stable": 0
            }, 
            "host": "yc_loadbalancer_slb-adapter_preprod", 
            "meta": {}, 
            "namespace": "ycloud", 
            "notifications": [
                {
                    "logins": [
                        "robot-zoidberg"
                    ]
                }
            ], 
            "refresh_time": "120", 
            "service": "walle_fs_check", 
            "tags": [
                "yc-slb-adapter", 
                "yc", 
                "yc-preprod", 
                "yc-notify", 
                "yc-common", 
                "yc-preprod-common"
            ], 
            "timed_more_than_limit_is_problem": {
                "limits": [
                    {
                        "crit": "0", 
                        "day_end": 7, 
                        "day_start": 1, 
                        "time_end": 23, 
                        "time_start": 0, 
                        "warn": "0"
                    }
                ], 
                "unreach_mode": "skip", 
                "unreach_service": [
                    {
                        "check": "yc_loadbalancer_slb-adapter_preprod:UNREACHABLE"
                    }, 
                    {
                        "check": "yc_loadbalancer_slb-adapter_preprod:META"
                    }
                ]
            }, 
            "ttl": "600"
        }, 
        "module_name": "juggler_check"
    }, 
    "item": {
        "service": "walle_fs_check"
    }
}

TASK [lb_slb-adapter : juggler_check : dns-alive] ******************************
task path: /Users/gentoonofb/PycharmProjects/salt-formula/juggler/checks_config/roles/lb_slb-adapter/tasks/adapter.yml:2
[DEPRECATION WARNING]: Using variables for task params is unsafe, especially if the variables come from an external source like facts.
This feature will be removed in a future release. Deprecation warnings can be disabled by setting deprecation_warnings=False in ansible.cfg.
changed: [localhost] => (item={u'active': u'http', u'active_kwargs': {u'path': u'/dns-status', u'port': 81}, u'service': u'dns-alive'}) => {
    "ansible_facts": {
        "diff": {
            "changes": {
                "flaps_config": {
                    "current": null, 
                    "desired": {
                        "boost": 0, 
                        "critical": 0, 
                        "stable": 0
                    }
                }, 
                "notifications": {
                    "current": [
                        {
                            "description": null, 
                            "template_kwargs": {}, 
                            "template_name": "golem"
                        }
                    ], 
                    "desired": [
                        {
                            "description": null, 
                            "template_kwargs": {
                                "logins": [
                                    "robot-zoidberg"
                                ]
                            }, 
                            "template_name": "phone_escalation"
                        }
                    ]
                }, 
                "tags": {
                    "current": [
                        "yc", 
                        "yc-preprod", 
                        "yc-slb-adapter", 
                        "a_mark_yc_loadbalancer_slb-adapter_preprod"
                    ], 
                    "desired": [
                        "yc-slb-adapter", 
                        "yc", 
                        "yc-preprod", 
                        "yc-notify", 
                        "a_mark_yc_loadbalancer_slb-adapter_preprod"
                    ]
                }
            }
        }
    }, 
    "changed": true, 
    "invocation": {
        "module_args": {
            "active": "http", 
            "active_kwargs": {
                "path": "/dns-status", 
                "port": 81
            }, 
            "children": [
                "CGROUP%cloud_preprod_slb-adapter"
            ], 
            "flap": {
                "critical": 0, 
                "stable": 0
            }, 
            "host": "yc_loadbalancer_slb-adapter_preprod", 
            "meta": {}, 
            "namespace": "ycloud", 
            "notifications": [
                {
                    "logins": [
                        "robot-zoidberg"
                    ]
                }
            ], 
            "refresh_time": "120", 
            "service": "dns-alive", 
            "tags": [
                "yc-slb-adapter", 
                "yc", 
                "yc-preprod", 
                "yc-notify"
            ], 
            "timed_more_than_limit_is_problem": {
                "limits": [
                    {
                        "crit": "100%", 
                        "day_end": 7, 
                        "day_start": 1, 
                        "time_end": 23, 
                        "time_start": 0, 
                        "warn": "0"
                    }
                ], 
                "unreach_mode": "skip", 
                "unreach_service": {
                    "check": ":UNREACHABLE"
                }
            }, 
            "ttl": "600"
        }, 
        "module_name": "juggler_check"
    }, 
    "item": {
        "active": "http", 
        "active_kwargs": {
            "path": "/dns-status", 
            "port": 81
        }, 
        "service": "dns-alive"
    }
}

TASK [lb_slb-adapter : juggler_check : upstream-available] *********************
task path: /Users/gentoonofb/PycharmProjects/salt-formula/juggler/checks_config/roles/lb_slb-adapter/tasks/adapter.yml:14
[DEPRECATION WARNING]: Using variables for task params is unsafe, especially if the variables come from an external source like facts.
This feature will be removed in a future release. Deprecation warnings can be disabled by setting deprecation_warnings=False in ansible.cfg.
changed: [localhost] => (item={u'service': u'upstream-available'}) => {
    "ansible_facts": {
        "diff": {
            "changes": {
                "flaps_config": {
                    "current": null, 
                    "desired": {
                        "boost": 0, 
                        "critical": 0, 
                        "stable": 0
                    }
                }, 
                "notifications": {
                    "current": [
                        {
                            "description": null, 
                            "template_kwargs": {}, 
                            "template_name": "golem"
                        }
                    ], 
                    "desired": [
                        {
                            "description": null, 
                            "template_kwargs": {
                                "logins": [
                                    "robot-zoidberg"
                                ]
                            }, 
                            "template_name": "phone_escalation"
                        }
                    ]
                }, 
                "tags": {
                    "current": [
                        "yc", 
                        "yc-preprod", 
                        "yc-slb-adapter", 
                        "a_mark_yc_loadbalancer_slb-adapter_preprod"
                    ], 
                    "desired": [
                        "yc-slb-adapter", 
                        "yc", 
                        "yc-preprod", 
                        "yc-notify", 
                        "a_mark_yc_loadbalancer_slb-adapter_preprod"
                    ]
                }
            }
        }
    }, 
    "changed": true, 
    "invocation": {
        "module_args": {
            "children": [
                "CGROUP%cloud_preprod_slb-adapter"
            ], 
            "flap": {
                "critical": 0, 
                "stable": 0
            }, 
            "host": "yc_loadbalancer_slb-adapter_preprod", 
            "meta": {}, 
            "namespace": "ycloud", 
            "notifications": [
                {
                    "logins": [
                        "robot-zoidberg"
                    ]
                }
            ], 
            "refresh_time": "120", 
            "service": "upstream-available", 
            "tags": [
                "yc-slb-adapter", 
                "yc", 
                "yc-preprod", 
                "yc-notify"
            ], 
            "timed_more_than_limit_is_problem": {
                "limits": [
                    {
                        "crit": "100%", 
                        "day_end": 7, 
                        "day_start": 1, 
                        "time_end": 23, 
                        "time_start": 0, 
                        "warn": "0"
                    }
                ], 
                "unreach_mode": "skip", 
                "unreach_service": {
                    "check": ":UNREACHABLE"
                }
            }, 
            "ttl": "600"
        }, 
        "module_name": "juggler_check"
    }, 
    "item": {
        "service": "upstream-available"
    }
}

TASK [lb_slb-adapter : juggler_check : nginx-alive] ****************************
task path: /Users/gentoonofb/PycharmProjects/salt-formula/juggler/checks_config/roles/lb_slb-adapter/tasks/adapter.yml:22
[DEPRECATION WARNING]: Using variables for task params is unsafe, especially if the variables come from an external source like facts.
This feature will be removed in a future release. Deprecation warnings can be disabled by setting deprecation_warnings=False in ansible.cfg.
changed: [localhost] => (item={u'service': u'nginx-alive'}) => {
    "ansible_facts": {
        "diff": {
            "changes": {
                "flaps_config": {
                    "current": null, 
                    "desired": {
                        "boost": 0, 
                        "critical": 0, 
                        "stable": 0
                    }
                }, 
                "notifications": {
                    "current": [
                        {
                            "description": null, 
                            "template_kwargs": {}, 
                            "template_name": "golem"
                        }
                    ], 
                    "desired": [
                        {
                            "description": null, 
                            "template_kwargs": {
                                "logins": [
                                    "robot-zoidberg"
                                ]
                            }, 
                            "template_name": "phone_escalation"
                        }
                    ]
                }, 
                "tags": {
                    "current": [
                        "yc", 
                        "yc-preprod", 
                        "yc-slb-adapter", 
                        "a_mark_yc_loadbalancer_slb-adapter_preprod"
                    ], 
                    "desired": [
                        "yc-slb-adapter", 
                        "yc", 
                        "yc-preprod", 
                        "yc-notify", 
                        "a_mark_yc_loadbalancer_slb-adapter_preprod"
                    ]
                }
            }
        }
    }, 
    "changed": true, 
    "invocation": {
        "module_args": {
            "children": [
                "CGROUP%cloud_preprod_slb-adapter"
            ], 
            "flap": {
                "critical": 0, 
                "stable": 0
            }, 
            "host": "yc_loadbalancer_slb-adapter_preprod", 
            "meta": {}, 
            "namespace": "ycloud", 
            "notifications": [
                {
                    "logins": [
                        "robot-zoidberg"
                    ]
                }
            ], 
            "refresh_time": "120", 
            "service": "nginx-alive", 
            "tags": [
                "yc-slb-adapter", 
                "yc", 
                "yc-preprod", 
                "yc-notify"
            ], 
            "timed_more_than_limit_is_problem": {
                "limits": [
                    {
                        "crit": "100%", 
                        "day_end": 7, 
                        "day_start": 1, 
                        "time_end": 23, 
                        "time_start": 0, 
                        "warn": "0"
                    }
                ], 
                "unreach_mode": "skip", 
                "unreach_service": {
                    "check": ":UNREACHABLE"
                }
            }, 
            "ttl": "600"
        }, 
        "module_name": "juggler_check"
    }, 
    "item": {
        "service": "nginx-alive"
    }
}

PLAY RECAP *********************************************************************
localhost                  : ok=16   changed=15   unreachable=0    failed=0   

