dh_installdirs
dh_installdirs
dh_installdirs
dh_installdirs
dh_installchangelogs
dh_strip
dh_compress
dh_fixperms
dh_installdeb
dh_shlibdeps
dh_gencontrol
dh_md5sums
dh_builddeb
dh_builddeb
dh_installdirs
dh_installchangelogs
dh_strip
dh_compress
dh_fixperms
dh_installdeb
dh_shlibdeps
dh_gencontrol
dh_md5sums
dh_builddeb
dh_builddeb
dh_installdirs
dh_installdirs
dh_installchangelogs
dh_strip
dh_compress
dh_fixperms
dh_installdeb
dh_shlibdeps
dh_gencontrol
dh_md5sums
dh_builddeb
dh_builddeb
dh_installdirs
dh_installchangelogs
dh_strip
dh_compress
dh_fixperms
dh_installdeb
dh_shlibdeps
dh_gencontrol
dh_md5sums
dh_builddeb
dh_builddeb
dh_installdirs
dh_installchangelogs
dh_strip
dh_compress
dh_fixperms
dh_installdeb
dh_shlibdeps
dh_gencontrol
dh_md5sums
dh_builddeb
dh_builddeb
dh_installdirs
dh_installchangelogs
dh_strip
dh_compress
dh_fixperms
dh_installdeb
dh_shlibdeps
dh_gencontrol
dh_md5sums
dh_builddeb
dh_builddeb
dh_installdirs
dh_installchangelogs
dh_strip
dh_compress
dh_fixperms
dh_installdeb
dh_shlibdeps
dh_gencontrol
dh_md5sums
dh_builddeb
dh_builddeb
dh_installdirs
dh_installchangelogs
dh_strip
dh_compress
dh_fixperms
dh_installdeb
dh_shlibdeps
dh_gencontrol
dh_md5sums
dh_builddeb
dh_builddeb
dh_installdirs
dh_installchangelogs
dh_strip
dh_compress
dh_fixperms
dh_installdeb
dh_shlibdeps
dh_gencontrol
dh_md5sums
dh_builddeb
dh_builddeb
dh_installdirs
dh_installchangelogs
dh_fixperms
dh_installdeb
dh_md5sums
dh_installdirs
dh_installchangelogs
dh_fixperms
dh_makeshlibs
dh_installdeb
dh_md5sums
dh_installdirs
dh_installchangelogs
dh_fixperms
dh_makeshlibs
dh_installdeb
dh_gencontrol
dh_md5sums
dh_builddeb
dh_builddeb
dh_installdirs
dh_installchangelogs
dh_fixperms
dh_makeshlibs
dh_installdeb
dh_gencontrol
dh_builddeb
dh_builddeb
dh_installdirs
dh_fixperms
dh_installdeb
dh_gencontrol
dh_md5sums
dh_builddeb
dh_builddeb
dh_installdirs
dh_fixperms
dh_installdeb
dh_gencontrol
dh_md5sums
dh_builddeb
dh_builddeb
dh_installdirs
dh_fixperms
dh_installdeb
dh_gencontrol
dh_md5sums
dh_builddeb
dh_builddeb
dh_installdirs
dh_fixperms
dh_installdeb
dh_gencontrol
dh_md5sums
dh_builddeb
dh_builddeb
dh_installdirs
dh_installchangelogs
dh_compress
dh_fixperms
dh_installdeb
dh_gencontrol
dh_md5sums
dh_builddeb
dh_builddeb
dh_installdirs
dh_installchangelogs
dh_compress
dh_fixperms
dh_installdeb
dh_gencontrol
dh_md5sums
dh_builddeb
dh_builddeb
dh_install
dh_makeshlibs
dh_installdeb
dh_shlibdeps
dh_gencontrol
dh_md5sums
dh_builddeb
dh_builddeb
dh_install
dh_makeshlibs
dh_installdeb
dh_shlibdeps
dh_gencontrol
dh_md5sums
dh_builddeb
dh_builddeb
dh_install
dh_makeshlibs
dh_installdeb
dh_shlibdeps
dh_gencontrol
dh_md5sums
dh_builddeb
dh_builddeb
dh_install
dh_makeshlibs
dh_installdeb
dh_shlibdeps
dh_gencontrol
dh_md5sums
dh_builddeb
dh_builddeb
dh_install
dh_makeshlibs
dh_installdeb
dh_shlibdeps
dh_gencontrol
dh_md5sums
dh_builddeb
dh_builddeb
dh_install
dh_makeshlibs
dh_installdeb
dh_shlibdeps
dh_gencontrol
dh_md5sums
dh_builddeb
dh_builddeb
dh_install
dh_makeshlibs
dh_installdeb
dh_shlibdeps
dh_gencontrol
dh_md5sums
dh_builddeb
dh_builddeb
dh_install
dh_makeshlibs
dh_installdeb
dh_shlibdeps
dh_gencontrol
dh_md5sums
dh_builddeb
dh_builddeb
dh_install
dh_makeshlibs
dh_installdeb
dh_shlibdeps
dh_gencontrol
dh_md5sums
dh_builddeb
dh_builddeb
dh_install
dh_makeshlibs
dh_installdeb
dh_shlibdeps
dh_gencontrol
dh_md5sums
dh_builddeb
dh_builddeb
dh_install
dh_makeshlibs
dh_installdeb
dh_shlibdeps
dh_gencontrol
dh_md5sums
dh_builddeb
dh_builddeb
dh_install
dh_makeshlibs
dh_installdeb
dh_shlibdeps
dh_gencontrol
dh_md5sums
dh_builddeb
dh_builddeb
dh_install
dh_makeshlibs
dh_installdeb
dh_shlibdeps
dh_gencontrol
dh_md5sums
dh_builddeb
dh_builddeb
dh_install
dh_makeshlibs
dh_installdeb
dh_shlibdeps
dh_gencontrol
dh_md5sums
dh_builddeb
dh_builddeb
dh_install
dh_makeshlibs
dh_installdeb
dh_shlibdeps
dh_gencontrol
dh_md5sums
dh_builddeb
dh_builddeb
dh_install
dh_makeshlibs
dh_installdeb
dh_shlibdeps
dh_gencontrol
dh_md5sums
dh_builddeb
dh_builddeb
