# Файл стоп-слов. 
# Формат: заголовок, потом одна или несколько зон языка.
# Строчки, начинающиеся с диеза - комментарии.
#
# Заголовок содержит номер версии и кодировку (однобайтовую или UTF-8). 
# И то, и другое может отсутствовать; по умолчанию кодировка = yandex, версия = 0
#
# Зона языка начинается с имени языка в квадратных скобках на отдельной строке.
# Внутри зоны находятся стоп-слова (словоформы, в нижнем регистре) и служебные
# маркеры LEFT:, RIGHT:, BOTH: или NONE:, задающее направление связывания.
#
Version: 2
Encoding: UTF-8

[English]
RIGHT:  
 	a an the
	to of in for that if on with from by at about
	if but
	no not all any
	my your
	so as
	what which
	can will would 
	is
LEFT:
	me him

BOTH:
	and or

NONE:	it
	that
	you
	this
	be
	have
	are
	was
	do
	there
	one
	we
	they

[Russian]
RIGHT:
	в во
	не
	на
	что чего чему чем чём
	с
	а
	как
	к ко
	но
	по
	за
	у
	из
	свой своего своему своим своем своём свое своё своя своей свою своею свои своих своими
	так
	о
	об
	который которого которому которым котором которое
	которая которой которую которою которые которых которыми
	от
	один одного одному одним одном одно одна одной одну одною одни одних одними
	для
	такой такого такому таким таком такое такая такую такою такие таких такими
	какой какого какому каким каком какое какая какую какою какие каких какими
	вот
	только
	еще ещё
	наш нашего нашему нашем наше наша нашей нашу нашею наши наших нашими нашим
	да
	нет
	до
	при
	уже
	если
	мой моего моему моим моем моём мое моё моя моей мою моею мои моих моими
	чтобы
	когда
	кто кого кому кем ком
	могу можешь может можем можете могут мог могла могло могли
	весь всего всему всем все всё вся всей всю всею всех всеми	
	ну
	без
	над под
	про

LEFT:	
	б
	бы
	же
	ж

NONE:
      	сам себя себе собой собою
	тот того тому то та той ту те тех теми тем том
	я меня мне мной мною
	этот этого этому этим этом это эта этой эту эти этих этими
	вы вас вам вами
	ты тебя тебе тобой тобою
	он его него ему нему им ним нем нём оно она ее её нее неё ей ней ею нею они их них ими ними
	мы нас нам нами
	быть буду будешь будет будем будут был было были была будь будьте

      	
BOTH:      	
	и
	или

[Ukrainian]
RIGHT:
	ні
	але
	ну
	з із зі
	від
	під
	між
	без
	од
	над
	про
	це оце
	як
	де
	щоб
	аж
	хоч
	дуже
	хай
	поки
	таки
	якщо
	чи
	бо

	вже
	ще
	тільки
	лише лиш
	саме
	навіть

	мій мої моє мого моїх моєї моїй моїм моєму моєю моїми
	твій твоя твої твоє твою твого твоїх твоєї твоїм твоїй твоєму твоєю твоїми
	свій свого своїх свої своє своїм своєї своїми своєю своїй своєму
	наші нашого нашої нашій нашому нашою нашім
	ваш ваша ваші ваше вашу ваших вашого вашої вашій вашим вашому вашою вашими вашім
	їхній їхні їхніх їхня їхнього їхню їхнє їхньої їхньому їхнім їхніми їхньою
	чий чия чиє чиї чийого чиєї чиїх чийому чиєму чиїй чиїм чию чиєю чиїми

	цей цього ці цю цьому ця цих цієї цим цій цими цією цім ції цеє цюю цяя
	оцей оцього оці оцю оцьому оця оцих оцієї оцим оцій оцими оцією оцім оції оцеє оцюю оцяя
	тим ті тих тій тієї тім тої тими тією тії тою тая тую теє
	сей се сього сім ся сих сю сі сьому сій сієї сими сією

	що чого чому чим чім
	щось щось чогось чомусь чимось чимсь чімсь
	хто кім
	хтось когось комусь кимось
	ніщо нічого нічим нічого нічому
	ніхто ніхто нікого нікому ніким нікім
	всі всіх всього всім всьому всій всіма всієї всією всієї всією
	ввесь усе усі усіх усім увесь усього усю усіма уся усьому усієї усією усій

	який які яка якого яку яких яке яким якої якому якій якою якими якім
	ніякий ніяка ніяке ніякі ніякого ніякому ніяким ніякої ніякій ніякою ніяких іякими
	самий сама самі самого само самому самим самої самих саму самій самою самими самім
	такий таке така такі таку такої такій такім
	якийсь якусь якась якісь якогось якесь якоїсь якоюсь якимсь якихось якомусь якимось якійсь якимись якімсь якімось

	бути є був була було були бути будеш буде будемо будете будуть будьмо

	ото
	якраз
	ледве
	майже

	нехай
	отак
	еге
	авжеж
	атож
	невже
	хіба
	мовби
	немов
	наче
	неначе
	начебто
	ніби
	нібито
	
LEFT:
	ж же
	би б


BOTH:
	і й
	або

NONE:
	мене мені
	ти тобі
	він його нього йому ньому нім
	її неї їй ній
	воно
	ви
	їх їм
	собі

[Turkish]
BOTH:
ve
ya
veya

RIGHT:
hem

ne
neyi
neyin
niye
neye
nede
neden
neler
neleri
nelerin
nelere
nelerde
nelerden
nelerdir

her
hiç
bir
daha
ama

sadece
tek
çok
en
tüm
bazı
hangi
diye
böyle
varsa
yoksa
zaten

LEFT:
nedir
ile	
için
gibi
ise
yok
arasında

değil
değilim
değilsin
değiliz
değilsiniz
değildi
değildim
değildin
değildik
değildiniz
değildiler

mu
muyum
musun
muyuz
musunuz
muydu
muydum
muydun
muyduk
muydunuz
muydular
mü
müyüm
müsün
müyüz
müsünüz
müydü
müydüm
müydün
müydük
müydünüz
müydüler
mı
mıyım
mısın
mıyız
mısınız
mıydı
mıydım
mıydın
mıydık
mıydınız
mıydılar
mi
miyim
misin
miyiz
misiniz
miydi
miydim
miydin
miydik
miydiniz
miydiler

etmek
etmeyi
etmeye
etmekte
etmekten
ediyorum
ediyorsun
ediyor
ediyoruz
ediyorsunuz
ediyorlar
ettim
ettin
etti
ettik
ettiniz
ettiler
ederim
edersin
eder
ederiz
edersiniz
ederler
ederdim
ederdin
ederdi
ederdik
ederdiniz
ederdiler
ederlerdi
etmişim
etmişsin
etmiş
etmiştir
etmişiz
etmişsiniz
etmişler
etmiştirler
etmiştim
etmiştin
etmişti
etmiştik
etmiştiniz
etmiştiler
etmişlerdi

olmak
olmayı
olmaya
olmakta
olmaktan
oluyorum
oluyorum
oluyorsun
oluyor
oluyoruz
oluyorsunuz
oluyorlar
oldum
oldun
oldu
olduk
oldunuz
oldular
olurum
olursun
olur
oluruz
olursunuz
olurlar
olurdum
olurdun
olurdu
olurduk
olurdunuz
olurdular
olurlardı
olmuşum
olmuşsun
olmuş
olmuştur
olmuşuz
olmuşsunuz
olmuşlar
olmuşturlar
olmuştum
olmuştun
olmuştu
olmuştuk
olmuştunuz
olmuştular
olmuşlardı

da
de
var
ki
sonra
göre
ait
hakkında
üzere
üzerine
üzerinde
rağmen

NONE:
şey

bu
bunu
bunun
bununla
buna
bunda
bundan
bunlar
bunları
bunların
bunlarınla
bunlara
bunlarda
bunlardan

şu
şunu
şunun
şununla
şuna
şunda
şundan
şunlar
şunları
şunların
şunlarınla
şunlara
şunlarda
şunlardan

o
onu
onun
onunla
ona
onda
ondan
onlar
onları
onların
onlarınla
onlara
onlarda
onlardan

kendi
kendini
kendinin
kendininle
kendine
kendinde
kendinden

kendisi
kendisini
kendisinin
kendisininle
kendisine
kendisinde
kendisinden
kendileri
kendilerini
kendilerinin
kendilerininle
kendilerine
kendilerinde
kendilerinden

acaba
belki
lazım
lâzım
gerek

[Czech]
BOTH:
a
nebo

RIGHT:
aby
aj
ale
ani
asi
až
bez
často
celé
celý
chvíli
či
co
což
do
dokonce
ho
i
já
jak
jako
je
jeho
jej
její
jejich
jen
ještě
ji
jim
jiné
již
k
kam
kde
kdo
kdy
kdyby
když
ke
kolem
která
které
kteří
kterou
který
ne
než
ní
nic
nich
nikdo
nikdy
o
od
opět
ostatní
pak
po
pod
podobné
pokud
pouze
právě
přece
před
přes
při
pro
proč
proto
protože
pryč
s
se
skoro
své
svých
svým
svými
ta
tak
také
taky
takže
tam
tato
tě
těchto
teď
tedy
téma
ten
tento
této
ti
tím
tímto
tipy
to
tohle
toho
tohoto
tom
tomto
tomu
tomuto
třeba
tu
tuto
ty
tyto
u
určené
už
v
ve
velmi
víc
více
vlastně
však
všechno
všechny
všichni
vůbec
z
za
začal
žádné
zase
zda
zde
že
zlo
znovu
zpět
zřejmě

LEFT:
by
si

NONE:
bude
budem
budeš
budou
byl
byla
byli
bylo
byly
být
bývá
cz
dál
další
dobrá
dobře
jsem
jseš
jsi
jsme
jsou
jste
má
máte
měl
mezi
mi
mít
mu
můj
může
na
nad
nám
námi
např
nás
naší
nebyl
nebylo
nebyly
něco
něho
něj
nejsou
není
ním
nové
nový
nyní
on
sebe
snad
stále
stanu
stejně
strana
vám
vás
vaše

[Kazakh]
BOTH:
және
мен бен пен
алайда
әйтпегенде
бірақ
дегенмен
әйткенмен
сөйткенмен
әйткенде

RіGHT:

# указательные местоимения
анадан анада аналардан аналарда аналардың аналарды
аналармен аналарған аналар анамен ананың
ананы анаумен анау анаған ана анда анларда

бұдан бұлардың бұларды бұларған бұлар
бұл бұнда бұнларда бұнымен бұның бұны бұған

мынадан мыналардан мыналардың мыналарды мыналармен мыналарған
мыналар мынамен мынаның мынаны мынаумен мынау мынаған
мына мында мынларда мұнда мұнларда мұны

осыдан осылардан осылардың осыларды   осылармен осыларған осылар осымен
осында осынларда осының осыны   осыған осы
содан солардан солардың соларды соларған солар сол сонда сонларда сонымен соның  соны соған
ол
көп
 ең

LEFT:

#служебные имена

үстінде
астында
алдында
артында
ішінде
сыртында
арасында
қарсысында
қасында
жанында
маңында
түбінде

#вопросительная частица
ма ме ба бе па пе

#частицы
да де та те
ғана гене

#послелоги

арқылы жайында жөнінде басқа бері бойынша бойы бұрын таман қарсы гөрі қатар қабат
бірге дейін жуық кейін сайын соң туралы шейін қарай үшін әрі сияқты  секілді тәрізді

NONE:

#вспомогательные глаголы
екен
еді
едік
деп

#избранные местоимения
өз
өзім
өзіміз
өзің
өздерің
өзіңіз
өздеріңіз
өзі
өздері
өзімнен
өзіңнен
өзіңізден
өзінен
өзімізден
өздеріңнен
өздеріңізден
өздерінен
өзімде
өзіңде
өзіңізде
өзінде
өзімізде
өздеріңде
өздеріңізде
өздерінде
өзіме
өзіңе
өзіңізге
өзіне
өзімізге
өздеріңе
өздеріңізге
өздеріне
өзімнің
өзіңнің
өзіңіздің
өзінің
өзіміздің
өздеріңнің
өздеріңіздің
өздерінің
өзімді
өзіңді
өзіңізді
өзін
өзімізді
өздеріңді
өздеріңізді
өздерін
өзіммен
өзіңмен
өзіңізбен
өзімен
өзімізбен
өздеріңмен
өздеріңізбен
өздерімен

кім
кімге
кімде
кімді
кіммен
кімнен
кімнің
неге
неден
неде
немен
ненің
нені
неше
не
қайдан
қайда
қайда
қашан
қалайша
қайтіп

қанша
қайда
қайдан
қашан
қалай
қайтіп
қандай
қайсы
бәрі
барлық
бүкіл
барша
әр
әрбір
әркім
әрқайда
әрқашан
әрдайым
әрқалай
әрқайсысы
біреу
бірдеме
әлдеқандай
әлдеқайда
әлдеқашан
бірнеше
біраз
кей
кейбір
ештеме
ештеңе
дәнеме
ешнәрсе
ешкім
ешқандай
ешбір
ешқашан
ешқайда
ешқалай
ешқайсысы

болу болмау болмадық болмадым болмадың болмады болмапты	болмаймыз болмаймын
	болмайсың болмайсыздар болмайды болып болдық болдым болдың болдыңыз болды болыппыз
	болыпты болғанбыз болғанмын болған болады

#частицы
емес емеспин емессиз емессиң жоқ жоқпын жоқсың жоқсыз Иә ия сондай осындай дәл солай шынында сөйтіп осылай рас

# союзы
я не немесе болмаса біресе әлде сондықтан егер онда

#междометия
Берекелді Алақай Аһа Әттеген-ай Ойбай Құдай-ай Жә Әй Мә

#наречие
	неге неліктен

	керек
	деген
	бар

######################################################################

[German]

## Артикли

RIGHT:
der die das den des dem
einer eine ein einen einem eines
keiner keine kein keinen keinem keines


## Предлоги

ab an auf aus außer bei bis durch für gegen hinter
in mit nach neben ohne per seit trotz um unter über
von vor bevor wegen weil wider während zu zwischen
infolge innerhalb gegenüber


## Стяженные формы

am ans aufs beim im ins vom zum zur wenns
nachdem indem bisher umher vorher vorüber

# Под вопросом, но скорее нужны:
BOTH:
dabei dadurch dafür dagegen daher dahin damit daran darauf
daraus darin darum darüber davon dazu
wobei wodurch wofür wogegen woher wohin womit woran worauf
woraus worin worum worüber wovon wozu
herab heran herauf heraus herein herum herunter hervor
hinab hinauf hinaus hinein hinunter hinweg hinzu hinüber

## Союзы
NONE:
aber als dass daß denn deshalb desto je ob oder
sondern sowie sowohl und warum weder wenn wie wo
ehe jedoch obgleich obwohl sobald sofort sogleich soviel
vielmehr zusammen

## Местоимения-существительные

NONE:
man dies was wer
jemand etwas nichts niemand einander


## Местоимения-прилагательные

RIGHT:
all alle allem allen aller alles
mein meine meinem meinen meiner meines
dein deine deinem deinen deiner deines
sein seine seinem seinen seiner seines
ihr ihre ihrem ihren ihrer ihres
unser unsere unsre unserem unserm unsrem unseren unsern unsren unserer unsrer unseres unsres
euer euere eure euerem euerm eurem eueren euern euren euerer eurer eueres eures
solch solche solchem solchen solcher solches
welch welche welchem welchen welcher welches
diese diesem diesen dieser dieses
jene jenem jenen jener jenes
deren dessen denen
jede jedem jeden jeder jedes
einige einigem einigen einger einiges
manche manchem manchen mancher manches
beide beidem beiden beider beides
derselbe dasselbe dieselbe demselben denselben derselben desselben


## Связки

LEFT:
sein bin bist ist sind seid war warst wart waren
sei seist seiest seiet seien
wär wärst wärest wäre wärt wäret wären
gewesen

werden werde wirst wird werdet werdest
wurde wurdest wurdet wurden würde würdest würdet würden
werdend geworden worden

haben habe hast hat habt hatte hattest hattet hatten
hab habest habet hätte hättest hättet hätten
habend gehabt

# Под вопросом: модальные
#
# können kannst kann könnt konnte konntest konntet konnten
# könne könnest könnet könnte könntest könntet könnten
# könnend gekonnt
#
# mögen mag magst mögt mochte mochtest mochtet mochten
# möge mögest möget möchte möchtest möchtet möchten
# mögend gemocht
#
# müssen muss muß musst mußt müsst müßt
# musste mußte musstest mußtest musstet mußtet mussten mußten
# müsse müssest müsset müssen
# müsste müßte müsstest müßtest müsstet müßtet müssten müßten
# müssend gemusst gemußt
#
# sollen soll sollst sollt sollte solltest solltet sollten
# solle sollest sollet
#
# wollen will willst wollt wollte wolltest wolltet wollten
# wolle wollest wollet


## Частицы

NONE:
ja nein nicht so
doch eben etwa freilich gar gerade gleich recht wohl


## Адвербиалы
NONE:
also auch da dann dennoch dort empor etc her hier hin
noch nun nur schon sehr sogar sonst viel wenig
allein allerdings anders bereits besonders bloss damals dergleichen
desgleichen durchaus ebenfalls ebenso eher eigentlich endlich erst
genug immer jetzt kaum keineswegs lieber los mehr miteinander
möglich nachher namentlich nie nieder niemals nimmer nämlich oben
oft plötzlich schließlich selber selbst stets unten
vielleicht voraus vorwärts wieder wiederum zuletzt zunächst zurück
zuvor zuweilen überhaupt

[Bulgarian]
RIGHT:
а ако без в все във върху на над дали нали до докато дори за заради ето затова защо защото из как както като когато къде където накъде колко към между не нито но няма около от по под после пред преди през при с след според сред срещу със у чрез че що

аз ние вие те

мой моя моят моята мое моето мои моите
негов негова негово неговата неговото негови неговите неин нейна нейно нейни нейната нейното нейните
техен тяхна тяхно техни тяхната тяхното техните

LEFT:
ли пък ми ти му им ни ви
ме те той то го тя я ги 

BOTH:
и или 
съм си е сте сме се са
ще щях щяхме щяхте щеше щяха щял щяла щяло щели 

NONE:
бре вече винаги да обаче още пак сега така там тогава тук уж 

мен мене тебе теб него нея тях нас вас 

бъда бъдем бъдеш бъдете бъде бъдат
бих бихме би биде бихте биха
бъдех бях бъдехме бяхме бъдеше беше бъдехте бяхте бъдеше бъдеха бяха
бил била били било билата билото билите
бъдещ бъдещия бъдещият бъдеща бъдещата бъдещо бъдещото бъдещи бъдещите
бъдейки бъди

своят своя своята свой свое своето свои своите 

себе 

този тоя тази тая това тези тия
онзи оня онази оная онова онези ония
тоз таз тез оназ онез 
такъв такава такова такива толкав толкава толкова толкоз толкаво толкави
онакъв онакава онакова онакива инакъв инаква инакво инакви 

какво каква какви какъв
кой коя кого кое кои кому 
който която което които когото комуто
какъвто каквато каквото каквито
колко колцина

чий чие чия чии
чийто чиято чието чиито

еди-кой еди-коя еди-кое еди-кои 
еди-какъв еди-каква еди-какво еди-какви
еди-колко еди-що

кой-годе коя-годе кое-годе кои-годе
какъв-годе каква-годе какво-годе какви-годе
колко-годе що-годе

някой някого някому някоя някое някои
нечий нечия нечии нечие
някакъв някаква някакво някакви
няколко нещо

никой никого никому ничий никакъв 
никоя ничия никаква
никое ничие никакво
никои ничии никакви
николко нищо

всеки всекиго всекиму всяка всяко всички всякакъв всякаква всякакво всякакви всичкият всичката всичко всичкото всичките

същия същият съща същата също същото същи същите

друг другия другият друга другата друго другото други другите

един единия  единият  една  едната  едно  едното  едни  едните

## Французские стоп-слова.
## Частоты получены по корпусу литературных текстов с http://www.gutenberg.org/browse/languages/
## Французский: 105589518 вхождений
## Подготовил: Борис Смилга <smilga@yandex-team.ru>
## Формат: заголовок, потом одна или несколько зон языка.

[French]

## Артикли
RIGHT:
la le l les un une des

## Предлоги
de d à
en dans sur près chez hors
avant après depuis pendant auprès dès lors
pour par sans avec contre parce selon
# С омонимичными / полисемичными значимыми формами:
# devant dessus derrière vers sous entre

## Стяжные формы
du au aux
dont
lequel laquelle lesquels lesquelles
duquel auquel auxquels

## Союзы
BOTH:
et ou mais si donc car
lorsque lorsqu puisque puisqu jusque jusqu
quoique quoiqu
RIGHT:
qui que qu où quand tant comme
ni ensuite puis

## Местоимения-существительные и клитики
NONE:
je j tu il elle on nous vous ils elles
ça celui cela ceci
BOTH:
me m te t se s lui leur y en
LEFT:
moi toi eux
RIGHT:
rien quoi

## Местоимения-прилагательные
RIGHT:
ce c cet cette ces ceux celle celles
ma mon mes sa ses ta tes nos notre vos votre leur leurs
quel quelle quels quelles
quelque quelqu quelques
telle tels telles
tout toute tous toutes
# Под вопросом:
# uns unes chaque aucun aucune autre autres même mêmes
# С омонимичными / полисемичными значимыми формами:
# tel son ton


## Связки
BOTH:
suis es êtes sont
serai serais serait seraient seront
soi sois soit soient
étant
étais était étions étiez étaient
fis fit fîmes fîtes firent
fus fut furent fussent
# С омонимичными / полисемичными значимыми формами:
# être sommes est fût

ai as a avons avez ont
aurais aurai aura aurait aurez auraient
avais avait avaient
ayant
eu eus eut eût eurent eussent
# С омонимичными / полисемичными значимыми формами:
# avoir

# Под вопросом: другие частотные глагольные формы:
# dois doivent dû
# faut
# peux peut pouvais pouvait pouvez pouvaient
# veux veut
# va vais vont alla allaient allez allons


## Частицы
RIGHT:
ne n
BOTH:
t
LEFT:
etc
NONE:
oui non

## Адвербиалы
NONE:
là ci ici
RIGHT:
beaucoup peu mal mieux moins plus
seulement tellement très
# Под вопросом:
# trop guère ainsi aussi alors assez autant même
# déjà encore maintenant jamais souvent toujours

[Italian]

## Артикли

RIGHT:
gl gli i il l la le lo un una uno


## Предлоги

a ad anzi con contro d da di dopo entro fin fino fra fuor in par per
senz senza sino sopra sotto sovra tra verso via


## Стяжные формы

agli ai al all alla alle allo
cogli coi col coll colla
dagli dai dal dall dalla dalle
degli dei del dell della delle delli dello
negli nei nel nell nella nelle nello
pei pel pelle
sugli sul sull sulla sulle

# Под вопросом:
# meco teco


## Союзы

BOTH:
accioché acciò adunque ch che chi ché com come dacché dov dove
dunque e ed finchè ma né o od ove perch perché perché percioché perciò
però poiché quand quando quanto

# Под вопросом:
# bensì siccome


## Местоимения-существительные и клитики

RIGHT:
io m me mi tu t te ti
egli ella lui lei s se si
noi c ce ci voi v ve vi
ei elli lor loro
ciò cui esse esso ne qui

# Под вопросом:
# alquanto niente coloro colui costui


## Местоимения-прилагательные

mia mie miei mio
sua sue sui suo suoi
tua tue tuo tuoi
nostra nostre nostri nostro
vostra vostre vostri vostro
questa queste questi questo
quegli quei quel quell quella quelle quelli quello
alcun alcuna alcune alcuni alcuno
qual quale quali tal tale tali
quante quanti tanto tanta tante tanti
qualche qualcuno

# Под вопросом:
# altra altre oltre altri altro
# ciascun ciascuna ciascuno
# molta molte molti
# nessun nessuna nessuno nulla
# ogne ogni
# qualunque quantunque
# stessa stessi stesso
# tutt tutta tutte tutti tutto


## Связки

BOTH:
essere è siamo siete eravamo eravate erano
fui fosti fu fummo foste furono
sarò sarai sarà saremo sarete saranno
sia siamo siate siano sii
fossi fosse fossimo foste fossero
sarei saresti sarebbe saremmo sareste sarebbero
essendo

# Совпадают с полнозначными формами:
# sono sei stato era ero eri ente

avere ho hai ha abbiamo avete hanno
avevo avevi aveva avevamo avevate avevano
ebbi avesti ebbe avemmo aveste ebbero
avrò avrai avrà avremo avrete avranno
abbia abbiamo abbiate abbiano abbi
avessi avesse avessimo avessero
avrei avresti avrebbe avremmo avreste avrebbero
avendo

# Под вопросом: другие глагольные формы (список неполный):
# dovere dovuto possa posso possono poteva può


## Частицы

NONE:
non sì no


## Адвербиалы

adesso allora anch anche anco cioè così donde ecc ecco già giù indi
ivi là lì neppure poi pur pure qua quindi quivi su

# Под вопросом:
# abbastanza accanto addosso affatto almeno altrove altrui ancor
# ancora appena appresso appunto assai attorno avanti basta certo
# davanti dentro dietro dinanzi fors forse indietro infatti innanzi
# insieme insomma intanto intorno invece mai meglio men meno molto
# nemmeno ormai piuttosto più po poco quasi sempre soltanto sovente
# tanto troppo


[Polish]
RIGHT: 
a aby aż bardzo bez beze bo cała całą całej cały całego całemu całym całe cali całych całym całymi choć czy dla do dopiero gdy gdym gdyś gdyśmy gdyście gdyby gdybym gdybyś gdybyśmy gdybyście gdyż inny innego innym innemu inna inną innej inne inni innych innym innymi iż jak jakby jakbyь jakbyś jakbyśmy jakbyście jako jaki jakiego jakiemu jakim jaka jaką jakiej jakie jacy jakich jakim jakimi jeden jednego jednemu jednym jedna jedną jednej jedno jedni jedne jednych jednymi jednym który którego któremy którym która którą której które którzy których którymi ku mieć ma mam masz mamy macie mają miał miałem miałeś miała miałam miałaś miało miały miałyśmy miałyście mieli mieliśmy mieliście miałby miałbym miałbyś miałaby miałabym miałabyś miałoby miałyby miałybyśmy miałybyście mieliby mielibyśmy mielibyście między mój mojego mego moim mym moja moją mojej moje moi moich mych moim moimi można może musieć musi muszę musisz musimy musicie muszą musiał musiałem musiałeś musiała musiałam musiałaś musiało musiały musiałyśmy musiałyście musieli musieliśmy musieliście musiałby musiałbym musiałbyś musiałaby musiałabym musiałabyś musiałoby musiałyby musiałybyśmy musiałybyście musieliby musielibyśmy musielibyście na nad nawet niby nie niech niechaj o od oto po pod przed przez przy swój swojego swego swoim swym  swoja swoją swą swojej swoje swoi swoich swych swoim swoimi ten tego temu tym ta tą tę tej to ci tych tym tymi te tylko u w we z za ze taki takiego takiemu takim taka taką takiej takie tacy takich takim takimi trzeba twój twojego twego twoim twym twoja twoją twą twojej twoje twoi twoich twych twoim twoimi wiele wielu wieloma wszystki wszystkiego wszystkiemu wszystkim wszystka wszystką wszystkiej wszystk wśród że żem żeś żeśmy żeście żeby żebyś żebym żebyśmy żebyście 

LEFT: 
by bym byś byśmy byście zaś 

BOTH: 
albo ani ale i lecz lub

NONE: 
być jestem jesteś jest jesteśmy jesteście są będę będziesz będzie będziemy będziecie będą 
był byłem byłeś
była byłam byłaś 
byli byliśmy byliście 
było
były byłyśmy byłyście byłby byłbym byłbyś
byłaby byłabym byłabyś 
byliby bylibyśmy bylibyście 
byłoby
byłyby byłybyśmy byłybyście co
czego сzemu czym coś czegoś czemuś czymś ja mię mną mnie mi jednak kiedy kto kogo komu kim ktoś kogoś komuś kimś my nas nam nami nic niczym niczego niczemu nikt nikogo nikomu nikim niż no on jego jemu nim go mu niego ona ją jej niej nią niej one oni ich nich nimi ono je pan pana panu panem pani panią panowie panom panami panie paniom paniami pań sam sama samo sami same się siebie sobą tak także też tu ty ci
cię 
ciebie tobie tobą wtedy wy was wami więc właśnie zostać zostanę zostaniesz zostanie zostaniemy zostaniecie zostaną został
zostałem zostałeś została zostałam zostałaś zostało zostały zostałyśmy zostałyście zostali zostaliśmy zostaliście został
by zostałbym zostałbyś zostałaby zostałabym zostałabyś zostałoby zostałyby zostałybyśmy zostałybyście zostaliby zostalibyśmy zostalibyście

[Portuguese]
RIGHT: 
isso isto

ter tenho tens tem temos têm

após até contra desde entre para sem sobre

os as o a 
uma um umas uns

em no na nas num numa nos nuns numas 
à ao aos às 
por pela pelas pelo pelos 
de da das do dos duma dum duns dumas 

desta deste destas destes 
nesta neste nestes nestas
nesse nessa nesses nessas
naquele naquela naqueles naquelas
esta este estes estas
esse essa esses essas
aquele aquela aqueles aquelas
alguns algum alguma algumas 
outras outro outros outra
todas todo todos toda
seu sua suas seus
quais qual 
mesmo mesma mesmos mesmas 
cada
tal
qualquer

se mas porque como
não nem
só já ainda
onde quando 


BOTH:
e ou quer

NONE: 
ser sou é és somos são será era eras éramos eram fui foste foi fomos foram seja sido
estou está estás estamos estão 

eu tu ele ela nós vós eles elas você vocês 
que quem 

também assim

com contigo consigo comigo connosco convosco

tudo

antes apenas através bem depois mais muito

há (hei hás havemos hão)

## Испанские стоп-слова.
## Частоты получены по корпусу литературных текстов с http://www.gutenberg.org/browse/languages/
## Испанский: 16076838 вхождений
## Подготовил: Борис Смилга <smilga@yandex-team.ru>
## Формат: заголовок, потом одна или несколько зон языка.

[Spanish]

## Артикли 

RIGHT:
el l la las lo los un una unas unos


## Предлоги

a acerca con contra d de desde despues después en entre hacia hasta
para por segun sin sino sobre tras

# Стяжные формы
al del

# Совпадают с полнозначными формами:
# ante


## Союзы

BOTH:
aun como cual cuando donde e mas ni o porque qu que si u y

# Под вопросом:
# ojalá


## Местоимения-существительные и клитики

NONE:
alguien él ella ellas ello ellos le les m me mi mí nos nosotros os
quien quienes quién qué s se sí te ti tú usted ustedes vos vosotros yo

# Под вопросом:
# na nadie


## Местоимения-прилагательные

RIGHT:
mi mis tu tus su sus
mío mía tuyo tuyos suya suyas suyo suyos
nuestra nuestras nuestro nuestros
vuestra vuestras vuestro vuestros
esa esas eso esos 
esta estas esto estos ésta éste
cuya cuyas cuyo cuyos
tal tales cual cuales
algun alguna algunas alguno algunos algún
aquel aquella aquellas aquello aquellos

# Под вопросом:
# cualquier cualquiera
# ambos
# misma mismas mismo mismos
# muchas muchos
# ninguno ningún
# otra otras otro otros
# sola solo sólo
# toda todas todo todos

# Совпадают с полнозначными формами:
# este cada ese tanto cuantos cuanto tuya tuyas


## Связки 

BOTH:
estar estoy estás está estamos estáis están
estaba estabas estaba estábamos estabais estaban
estuve estuviste estuvo estuvimos estuvisteis estuvieron
estaré estarás estará estaremos estaréis estarán
estaría estarías estaría estaríamos estaríais estarían
está esté estemos estad estén estés estéis
estuviera estuvieras estuviera estuviéramos estuvierais estuvieran
estando estado

soy eres es somos sois son
era eras era éramos erais eran
fui fuiste fue fuimos fuisteis fueron
seré serás será seremos seréis serán
sería serías sería seríamos seríais serían
sé sea seamos sed sean seas seáis
fuera fueras fuera fuéramos fuerais fueran
siendo sido

he has ha hemos habéis han
había habías había habíamos habíais habían
hube hubiste hubo hubimos hubisteis hubieron
habré habrás habrá habremos habréis habrán
habría habrías habría habríamos habríais habrían
habe haya hayamos habed hayan hayas hayáis
hubiera hubieras hubiera hubiéramos hubierais hubieran
habiendo habido

 
## Частицы

NONE:
n no sí etc non


## Адвербиалы

acá ahí allá allí aquí así aunque cuál cómo dónde nunca siquiera tal
tambien también tampoco

# Под вопросом:
# adelante además ahora antes apenas arriba atrás delante demás dentro
# detrás encima entonces fuera he jamás mientras mucho muy más nada
# obstante peor poco siempre solamente ya pues

# Совпадают с полнозначными формами:
# acaso pero tan

#татарские стоп-слова
[Tatar]

BOTH:
һәм 

LEFT: 
итү итәм итәсең итә итәбез итәсез итәләр
нитү нитәм нитәсең нитә нитәбез нитәсез нитәләр
иде иделәр идек идегез идем идең
икән
исә

#послелоги

соң
белән
өчен 
турында 
таба 
каршы 
бирле 
кебек
чаклы
аркылы
карамастан
таба
хакында
уртасында 
алдында 
озын
саен
арада
алдына
арасында
алдыннан
әченнән
әчендә
астында
өстендә
дип
кадәр
хәтлә
тикле

булган

дип

RIGHT:
бу
шушы
шул
ул
андый
мондый
шундый
нинди ниндидер
кайсы кайсыдыр
фәлән
һичнинди
бары барлык барча бөтен нибары
кайбер 
әлеге
андагы мондагы биредәге
һәммә һәр һәрбер
әллә
ничә ничаклы 
күпме
берничә беркадәр берникадәр 
шулкадәр шулчаклы

NONE:
ләкин
яки
я
яисә
ич
иң
нәкъ


чөнки
әгәр
әгәренки
гәрчә
ягъни
аеруча
бигрәк
башлыча
хәтта
ки
гуя
гуяки 
гына кына генә кенә
әле 
инде 
юк
бар
да дә та тә
ни
ә
әмма
түгел
и
и-и
ие
әйе
тиеш
шулай
бик
кем кемдер кемнәр кемем кемең кеме кемебез кемегез кемнәре кемнеке
нәрсә
кирәк

нәрсәдәр
һичкем
беркем
һичнәрсә
бернәрсә
һәркем
һәрнәрсә
үз
#местоимения-наречия
ничек болай шулай тегеләй 
кайда кайчан кайдан кая ничектер кайдадыр кайчандыр кайдандыр каядыр
нигә нилектән нишләп никтер берничек һичничек беркайда һичкайда
беркайчан 
әнә менә  анда шунда монда ары бире 
ук
үк
тик
фәкать

