Bulk Response with 3 children and message ''

Bulk child #0 with id='11806307':
Response message: ''
User info: uid=11806307
Karma info: karma=0, banTime='', karmaStatus='2012'
Login name: 'dot-user', havePassword=false, haveHint=false
Alias list: (size=1) [
	type='Social', alias=''
]

Bulk child #1 with id='11806301':
Response message: ''
User info: uid=11806301
Karma info: karma=85, banTime='', karmaStatus='1111'
Login name: 'junit-test', havePassword=false, haveHint=false
Alias list: (size=1) [
	type='Social', alias=''
]

Bulk child #2 with id='11806826':
Response message: ''
User info: uid=11806826
Karma info: karma=0, banTime='', karmaStatus='6666'
Login name: 'K-tst', havePassword=false, haveHint=false
Alias list: (size=1) [
	type='Social', alias=''
]

Response message: ''
User info: 
Karma info: karma=, banTime='', karmaStatus=''
Login name: '', havePassword=false, haveHint=false
