MultiSession Response with 2 children and status: Valid
Session age: 70
Response message: 'OK'
Default uid: 11806301
Multisession child #0 with id='11806301':
Session Response with status: Valid
Session type: Full, age: 
Response message: ''
User info: uid=11806301
Karma info: karma=0, banTime='', karmaStatus='0'
Login name: 'junit-test', havePassword=true, haveHint=true
DBFields: (size=1) [
	'subscription.suid.2'='27561617'
]
Password verified 123 sec ago, session secure

Multisession child #1 with id='11806307':
Session Response with status: Disabled
Session type: Lite, age: 
Response message: ''
User info: liteUid=11806307
Karma info: karma=0, banTime='', karmaStatus='0'
Login name: 'dot.user', havePassword=true, haveHint=true
DBFields: (size=1) [
	'subscription.suid.2'='27561631'
]
Password verified -1 sec ago, session insecure

Session kind: Stress ( 'STRESS' )
AuthId: '1401106407589:h5RsXw:af', time=1401106407589, ip=95.108.148.135, host=af
Allow more users: true
Connection Id: s:1401106407589:h5RsXw:af
